<?xml version="1.0" encoding="UTF-8"?>
<robot generator="Robot 7.4.2 (Python 3.11.15 on linux)" generated="2026-06-07T21:24:00.876536" rpa="false" schemaversion="5">
<suite id="s1" name="Web" source="/home/runner/work/robot-framework-automation/robot-framework-automation/tests/web">
<suite id="s1-s1" name="Alerts Test" source="/home/runner/work/robot-framework-automation/robot-framework-automation/tests/web/alerts_test.robot">
<test id="s1-s1-t1" name="Handle JS Alert" line="6">
<kw name="Open Browser Session" owner="browser_wrapper">
<kw name="New Browser" owner="Browser">
<msg time="2026-06-07T21:24:01.028247" level="INFO">{"browser": "chromium", "headless": false, "chromiumSandbox": false, "devtools": false, "handleSIGHUP": true, "handleSIGINT": true, "handleSIGTERM": true, "slowMo": 0.0, "timeout": 30000.0, "tracesDir": "/home/runner/work/robot-framework-automation/robot-framework-automation/results/browser/traces/temp/fac2ac36-f5d2-4b2f-bf50-75210c188beb"}</msg>
<msg time="2026-06-07T21:24:01.032976" level="INFO">Starting Browser process /opt/hostedtoolcache/Python/3.11.15/x64/lib/python3.11/site-packages/Browser/wrapper/index.js using at 127.0.0.1:50191</msg>
<msg time="2026-06-07T21:24:01.781934" level="INFO">Keyword 'Take Screenshot  fail-screenshot-{index}' could not be run on failure:
Error: Tried to take screenshot, but no page was open.</msg>
<msg time="2026-06-07T21:24:01.782057" level="INFO">See also file:///home/runner/work/robot-framework-automation/robot-framework-automation/results/playwright-log.txt for additional details.</msg>
<msg time="2026-06-07T21:24:01.782474" level="FAIL">Error: browserType.launch: Target page, context or browser has been closed
Browser logs:

╔════════════════════════════════════════════════════════════════════════════════════════════════╗
║ Looks like you launched a headed browser without having a XServer running.                     ║
║ Set either 'headless: true' or use 'xvfb-run &lt;your-playwright-app&gt;' before running Playwright. ║
║                                                                                                ║
║ &lt;3 Playwright Team                                                                             ║
╚════════════════════════════════════════════════════════════════════════════════════════════════╝
Call log:
  - &lt;launching&gt; /opt/hostedtoolcache/Python/3.11.15/x64/lib/python3.11/site-packages/Browser/wrapper/node_modules/playwright-core/.local-browsers/chromium-1223/chrome-linux64/chrome --disable-field-trial-config --disable-background-networking --disable-background-timer-throttling --disable-backgrounding-occluded-windows --disable-back-forward-cache --disable-breakpad --disable-client-side-phishing-detection --disable-component-extensions-with-background-pages --disable-component-update --no-default-browser-check --disable-default-apps --disable-dev-shm-usage --disable-edgeupdater --disable-extensions --disable-features=AvoidUnnecessaryBeforeUnloadCheckSync,BoundaryEventDispatchTracksNodeRemoval,DestroyProfileOnBrowserClose,DialMediaRouteProvider,GlobalMediaControls,HttpsUpgrades,LensOverlay,MediaRouter,PaintHolding,ThirdPartyStoragePartitioning,Translate,AutoDeElevate,RenderDocument,OptimizationHints,msForceBrowserSignIn,msEdgeUpdateLaunchServicesPreferredVersion --enable-features=CDPScreenshotNewSurface --allow-pre-commit-input --disable-hang-monitor --disable-ipc-flooding-protection --disable-popup-blocking --disable-prompt-on-repost --disable-renderer-backgrounding --force-color-profile=srgb --metrics-recording-only --no-first-run --password-store=basic --use-mock-keychain --no-service-autorun --export-tagged-pdf --disable-search-engine-choice-screen --unsafely-disable-devtools-self-xss-warnings --edge-skip-compat-layer-relaunch --disable-infobars --disable-search-engine-choice-screen --disable-sync --enable-unsafe-swiftshader --no-sandbox --user-data-dir=/tmp/playwright_chromiumdev_profile-ZHZVB6 --remote-debugging-pipe --no-startup-window
  - &lt;launched&gt; pid=3199
  - [pid=3199][err] [3199:3199:0607/212401.757605:ERROR:ui/ozone/platform/x11/ozone_platform_x11.cc:257] Missing X server or $DISPLAY
  - [pid=3199][err] [3199:3199:0607/212401.757636:ERROR:ui/aura/env.cc:246] The platform failed to initialize.  Exiting.
  - [pid=3199] &lt;gracefully close start&gt;
  - [pid=3199] &lt;kill&gt;
  - [pid=3199] &lt;will force kill&gt;
  - [pid=3199] &lt;process did exit: exitCode=1, signal=null&gt;
  - [pid=3199] starting temporary directories cleanup
  - [pid=3199] finished temporary directories cleanup
  - [pid=3199] &lt;gracefully close end&gt;
</msg>
<arg>${browser}</arg>
<arg>headless=False</arg>
<tag>BrowserControl</tag>
<tag>Setter</tag>
<doc>Create a new playwright Browser with specified options.</doc>
<status status="FAIL" start="2026-06-07T21:24:01.027629" elapsed="0.770926">Error: browserType.launch: Target page, context or browser has been closed
Browser logs:

╔════════════════════════════════════════════════════════════════════════════════════════════════╗
║ Looks like you launched a headed browser without having a XServer running.                     ║
║ Set either 'headless: true' or use 'xvfb-run &lt;your-playwright-app&gt;' before running Playwright. ║
║                                                                                                ║
║ &lt;3 Playwright Team                                                                             ║
╚════════════════════════════════════════════════════════════════════════════════════════════════╝
Call log:
  - &lt;launching&gt; /opt/hostedtoolcache/Python/3.11.15/x64/lib/python3.11/site-packages/Browser/wrapper/node_modules/playwright-core/.local-browsers/chromium-1223/chrome-linux64/chrome --disable-field-trial-config --disable-background-networking --disable-background-timer-throttling --disable-backgrounding-occl...
    [ Message content over the limit has been removed. ]
...able-hang-monitor --disable-ipc-flooding-protection --disable-popup-blocking --disable-prompt-on-repost --disable-renderer-backgrounding --force-color-profile=srgb --metrics-recording-only --no-first-run --password-store=basic --use-mock-keychain --no-service-autorun --export-tagged-pdf --disable-search-engine-choice-screen --unsafely-disable-devtools-self-xss-warnings --edge-skip-compat-layer-relaunch --disable-infobars --disable-search-engine-choice-screen --disable-sync --enable-unsafe-swiftshader --no-sandbox --user-data-dir=/tmp/playwright_chromiumdev_profile-ZHZVB6 --remote-debugging-pipe --no-startup-window
  - &lt;launched&gt; pid=3199
  - [pid=3199][err] [3199:3199:0607/212401.757605:ERROR:ui/ozone/platform/x11/ozone_platform_x11.cc:257] Missing X server or $DISPLAY
  - [pid=3199][err] [3199:3199:0607/212401.757636:ERROR:ui/aura/env.cc:246] The platform failed to initialize.  Exiting.
  - [pid=3199] &lt;gracefully close start&gt;
  - [pid=3199] &lt;kill&gt;
  - [pid=3199] &lt;will force kill&gt;
  - [pid=3199] &lt;process did exit: exitCode=1, signal=null&gt;
  - [pid=3199] starting temporary directories cleanup
  - [pid=3199] finished temporary directories cleanup
  - [pid=3199] &lt;gracefully close end&gt;</status>
</kw>
<kw name="New Context" owner="Browser">
<arg>viewport={'width': 1280, 'height': 720}</arg>
<tag>BrowserControl</tag>
<tag>Setter</tag>
<doc>Create a new BrowserContext with specified options.</doc>
<status status="NOT RUN" start="2026-06-07T21:24:01.798859" elapsed="0.000092"/>
</kw>
<status status="FAIL" start="2026-06-07T21:24:01.026955" elapsed="0.772228">Error: browserType.launch: Target page, context or browser has been closed
Browser logs:

╔════════════════════════════════════════════════════════════════════════════════════════════════╗
║ Looks like you launched a headed browser without having a XServer running.                     ║
║ Set either 'headless: true' or use 'xvfb-run &lt;your-playwright-app&gt;' before running Playwright. ║
║                                                                                                ║
║ &lt;3 Playwright Team                                                                             ║
╚════════════════════════════════════════════════════════════════════════════════════════════════╝
Call log:
  - &lt;launching&gt; /opt/hostedtoolcache/Python/3.11.15/x64/lib/python3.11/site-packages/Browser/wrapper/node_modules/playwright-core/.local-browsers/chromium-1223/chrome-linux64/chrome --disable-field-trial-config --disable-background-networking --disable-background-timer-throttling --disable-backgrounding-occl...
    [ Message content over the limit has been removed. ]
...able-hang-monitor --disable-ipc-flooding-protection --disable-popup-blocking --disable-prompt-on-repost --disable-renderer-backgrounding --force-color-profile=srgb --metrics-recording-only --no-first-run --password-store=basic --use-mock-keychain --no-service-autorun --export-tagged-pdf --disable-search-engine-choice-screen --unsafely-disable-devtools-self-xss-warnings --edge-skip-compat-layer-relaunch --disable-infobars --disable-search-engine-choice-screen --disable-sync --enable-unsafe-swiftshader --no-sandbox --user-data-dir=/tmp/playwright_chromiumdev_profile-ZHZVB6 --remote-debugging-pipe --no-startup-window
  - &lt;launched&gt; pid=3199
  - [pid=3199][err] [3199:3199:0607/212401.757605:ERROR:ui/ozone/platform/x11/ozone_platform_x11.cc:257] Missing X server or $DISPLAY
  - [pid=3199][err] [3199:3199:0607/212401.757636:ERROR:ui/aura/env.cc:246] The platform failed to initialize.  Exiting.
  - [pid=3199] &lt;gracefully close start&gt;
  - [pid=3199] &lt;kill&gt;
  - [pid=3199] &lt;will force kill&gt;
  - [pid=3199] &lt;process did exit: exitCode=1, signal=null&gt;
  - [pid=3199] starting temporary directories cleanup
  - [pid=3199] finished temporary directories cleanup
  - [pid=3199] &lt;gracefully close end&gt;</status>
</kw>
<kw name="Handle JS Alert" owner="alerts_keywords">
<status status="NOT RUN" start="2026-06-07T21:24:01.799412" elapsed="0.000066"/>
</kw>
<kw name="Close Browser Session With Screenshot On Failure" owner="browser_wrapper" type="TEARDOWN">
<kw name="Run Keyword If Test Failed" owner="BuiltIn">
<kw name="Take Screenshot" owner="Browser">
<msg time="2026-06-07T21:24:01.806911" level="INFO">Keyword 'Take Screenshot  fail-screenshot-{index}' could not be run on failure:
Error: Tried to take screenshot, but no page was open.</msg>
<msg time="2026-06-07T21:24:01.806996" level="INFO">See also file:///home/runner/work/robot-framework-automation/robot-framework-automation/results/playwright-log.txt for additional details.</msg>
<msg time="2026-06-07T21:24:01.807109" level="FAIL">Error: Tried to take screenshot, but no page was open.</msg>
<arg>filename=FAIL-{index}</arg>
<tag>PageContent</tag>
<doc>Takes a screenshot of the current window or element and saves it to disk.</doc>
<status status="FAIL" start="2026-06-07T21:24:01.800487" elapsed="0.007386">Error: Tried to take screenshot, but no page was open.</status>
</kw>
<arg>Take Screenshot</arg>
<arg>filename=FAIL-{index}</arg>
<doc>Runs the given keyword with the given arguments, if the test failed.</doc>
<status status="FAIL" start="2026-06-07T21:24:01.800062" elapsed="0.007904">Error: Tried to take screenshot, but no page was open.</status>
</kw>
<kw name="Close Browser" owner="Browser">
<msg time="2026-06-07T21:24:01.810713" level="INFO">No browser open, doing nothing</msg>
<tag>BrowserControl</tag>
<tag>Setter</tag>
<doc>Closes the current browser.</doc>
<status status="PASS" start="2026-06-07T21:24:01.808104" elapsed="0.002700"/>
</kw>
<status status="FAIL" start="2026-06-07T21:24:01.799744" elapsed="0.011199">Error: Tried to take screenshot, but no page was open.</status>
</kw>
<status status="FAIL" start="2026-06-07T21:24:01.026329" elapsed="0.784697">Error: browserType.launch: Target page, context or browser has been closed
Browser logs:

╔════════════════════════════════════════════════════════════════════════════════════════════════╗
║ Looks like you launched a headed browser without having a XServer running.                     ║
║ Set either 'headless: true' or use 'xvfb-run &lt;your-playwright-app&gt;' before running Playwright. ║
║                                                                                                ║
║ &lt;3 Playwright Team                                                                             ║
╚════════════════════════════════════════════════════════════════════════════════════════════════╝
Call log:
  - &lt;launching&gt; /opt/hostedtoolcache/Python/3.11.15/x64/lib/python3.11/site-packages/Browser/wrapper/node_modules/playwright-core/.local-browsers/chromium-1223/chrome-linux64/chrome --disable-field-trial-config --disable-background-networking --disable-background-timer-throttling --disable-backgrounding-occl...
    [ Message content over the limit has been removed. ]
...able-hang-monitor --disable-ipc-flooding-protection --disable-popup-blocking --disable-prompt-on-repost --disable-renderer-backgrounding --force-color-profile=srgb --metrics-recording-only --no-first-run --password-store=basic --use-mock-keychain --no-service-autorun --export-tagged-pdf --disable-search-engine-choice-screen --unsafely-disable-devtools-self-xss-warnings --edge-skip-compat-layer-relaunch --disable-infobars --disable-search-engine-choice-screen --disable-sync --enable-unsafe-swiftshader --no-sandbox --user-data-dir=/tmp/playwright_chromiumdev_profile-ZHZVB6 --remote-debugging-pipe --no-startup-window
  - &lt;launched&gt; pid=3199
  - [pid=3199][err] [3199:3199:0607/212401.757605:ERROR:ui/ozone/platform/x11/ozone_platform_x11.cc:257] Missing X server or $DISPLAY
  - [pid=3199][err] [3199:3199:0607/212401.757636:ERROR:ui/aura/env.cc:246] The platform failed to initialize.  Exiting.
  - [pid=3199] &lt;gracefully close start&gt;
  - [pid=3199] &lt;kill&gt;
  - [pid=3199] &lt;will force kill&gt;
  - [pid=3199] &lt;process did exit: exitCode=1, signal=null&gt;
  - [pid=3199] starting temporary directories cleanup
  - [pid=3199] finished temporary directories cleanup
  - [pid=3199] &lt;gracefully close end&gt;

Also teardown failed:
Error: Tried to take screenshot, but no page was open.</status>
</test>
<test id="s1-s1-t2" name="Handle JS Confirm Accept" line="11">
<kw name="Open Browser Session" owner="browser_wrapper">
<kw name="New Browser" owner="Browser">
<msg time="2026-06-07T21:24:01.822336" level="INFO">{"browser": "chromium", "headless": false, "chromiumSandbox": false, "devtools": false, "handleSIGHUP": true, "handleSIGINT": true, "handleSIGTERM": true, "slowMo": 0.0, "timeout": 30000.0, "tracesDir": "/home/runner/work/robot-framework-automation/robot-framework-automation/results/browser/traces/temp/8daff850-2705-4864-905b-b22433b5ba40"}</msg>
<msg time="2026-06-07T21:24:01.905244" level="INFO">Keyword 'Take Screenshot  fail-screenshot-{index}' could not be run on failure:
Error: Tried to take screenshot, but no page was open.</msg>
<msg time="2026-06-07T21:24:01.905359" level="INFO">See also file:///home/runner/work/robot-framework-automation/robot-framework-automation/results/playwright-log.txt for additional details.</msg>
<msg time="2026-06-07T21:24:01.905535" level="FAIL">Error: browserType.launch: Target page, context or browser has been closed
Browser logs:

╔════════════════════════════════════════════════════════════════════════════════════════════════╗
║ Looks like you launched a headed browser without having a XServer running.                     ║
║ Set either 'headless: true' or use 'xvfb-run &lt;your-playwright-app&gt;' before running Playwright. ║
║                                                                                                ║
║ &lt;3 Playwright Team                                                                             ║
╚════════════════════════════════════════════════════════════════════════════════════════════════╝
Call log:
  - &lt;launching&gt; /opt/hostedtoolcache/Python/3.11.15/x64/lib/python3.11/site-packages/Browser/wrapper/node_modules/playwright-core/.local-browsers/chromium-1223/chrome-linux64/chrome --disable-field-trial-config --disable-background-networking --disable-background-timer-throttling --disable-backgrounding-occluded-windows --disable-back-forward-cache --disable-breakpad --disable-client-side-phishing-detection --disable-component-extensions-with-background-pages --disable-component-update --no-default-browser-check --disable-default-apps --disable-dev-shm-usage --disable-edgeupdater --disable-extensions --disable-features=AvoidUnnecessaryBeforeUnloadCheckSync,BoundaryEventDispatchTracksNodeRemoval,DestroyProfileOnBrowserClose,DialMediaRouteProvider,GlobalMediaControls,HttpsUpgrades,LensOverlay,MediaRouter,PaintHolding,ThirdPartyStoragePartitioning,Translate,AutoDeElevate,RenderDocument,OptimizationHints,msForceBrowserSignIn,msEdgeUpdateLaunchServicesPreferredVersion --enable-features=CDPScreenshotNewSurface --allow-pre-commit-input --disable-hang-monitor --disable-ipc-flooding-protection --disable-popup-blocking --disable-prompt-on-repost --disable-renderer-backgrounding --force-color-profile=srgb --metrics-recording-only --no-first-run --password-store=basic --use-mock-keychain --no-service-autorun --export-tagged-pdf --disable-search-engine-choice-screen --unsafely-disable-devtools-self-xss-warnings --edge-skip-compat-layer-relaunch --disable-infobars --disable-search-engine-choice-screen --disable-sync --enable-unsafe-swiftshader --no-sandbox --user-data-dir=/tmp/playwright_chromiumdev_profile-pgQSgd --remote-debugging-pipe --no-startup-window
  - &lt;launched&gt; pid=3220
  - [pid=3220][err] [3220:3220:0607/212401.891317:ERROR:ui/ozone/platform/x11/ozone_platform_x11.cc:257] Missing X server or $DISPLAY
  - [pid=3220][err] [3220:3220:0607/212401.891352:ERROR:ui/aura/env.cc:246] The platform failed to initialize.  Exiting.
  - [pid=3220] &lt;gracefully close start&gt;
  - [pid=3220] &lt;kill&gt;
  - [pid=3220] &lt;will force kill&gt;
  - [pid=3220] &lt;process did exit: exitCode=1, signal=null&gt;
  - [pid=3220] starting temporary directories cleanup
  - [pid=3220] finished temporary directories cleanup
  - [pid=3220] &lt;gracefully close end&gt;
</msg>
<arg>${browser}</arg>
<arg>headless=False</arg>
<tag>BrowserControl</tag>
<tag>Setter</tag>
<doc>Create a new playwright Browser with specified options.</doc>
<status status="FAIL" start="2026-06-07T21:24:01.821711" elapsed="0.084571">Error: browserType.launch: Target page, context or browser has been closed
Browser logs:

╔════════════════════════════════════════════════════════════════════════════════════════════════╗
║ Looks like you launched a headed browser without having a XServer running.                     ║
║ Set either 'headless: true' or use 'xvfb-run &lt;your-playwright-app&gt;' before running Playwright. ║
║                                                                                                ║
║ &lt;3 Playwright Team                                                                             ║
╚════════════════════════════════════════════════════════════════════════════════════════════════╝
Call log:
  - &lt;launching&gt; /opt/hostedtoolcache/Python/3.11.15/x64/lib/python3.11/site-packages/Browser/wrapper/node_modules/playwright-core/.local-browsers/chromium-1223/chrome-linux64/chrome --disable-field-trial-config --disable-background-networking --disable-background-timer-throttling --disable-backgrounding-occl...
    [ Message content over the limit has been removed. ]
...able-hang-monitor --disable-ipc-flooding-protection --disable-popup-blocking --disable-prompt-on-repost --disable-renderer-backgrounding --force-color-profile=srgb --metrics-recording-only --no-first-run --password-store=basic --use-mock-keychain --no-service-autorun --export-tagged-pdf --disable-search-engine-choice-screen --unsafely-disable-devtools-self-xss-warnings --edge-skip-compat-layer-relaunch --disable-infobars --disable-search-engine-choice-screen --disable-sync --enable-unsafe-swiftshader --no-sandbox --user-data-dir=/tmp/playwright_chromiumdev_profile-pgQSgd --remote-debugging-pipe --no-startup-window
  - &lt;launched&gt; pid=3220
  - [pid=3220][err] [3220:3220:0607/212401.891317:ERROR:ui/ozone/platform/x11/ozone_platform_x11.cc:257] Missing X server or $DISPLAY
  - [pid=3220][err] [3220:3220:0607/212401.891352:ERROR:ui/aura/env.cc:246] The platform failed to initialize.  Exiting.
  - [pid=3220] &lt;gracefully close start&gt;
  - [pid=3220] &lt;kill&gt;
  - [pid=3220] &lt;will force kill&gt;
  - [pid=3220] &lt;process did exit: exitCode=1, signal=null&gt;
  - [pid=3220] starting temporary directories cleanup
  - [pid=3220] finished temporary directories cleanup
  - [pid=3220] &lt;gracefully close end&gt;</status>
</kw>
<kw name="New Context" owner="Browser">
<arg>viewport={'width': 1280, 'height': 720}</arg>
<tag>BrowserControl</tag>
<tag>Setter</tag>
<doc>Create a new BrowserContext with specified options.</doc>
<status status="NOT RUN" start="2026-06-07T21:24:01.906520" elapsed="0.000070"/>
</kw>
<status status="FAIL" start="2026-06-07T21:24:01.821341" elapsed="0.085398">Error: browserType.launch: Target page, context or browser has been closed
Browser logs:

╔════════════════════════════════════════════════════════════════════════════════════════════════╗
║ Looks like you launched a headed browser without having a XServer running.                     ║
║ Set either 'headless: true' or use 'xvfb-run &lt;your-playwright-app&gt;' before running Playwright. ║
║                                                                                                ║
║ &lt;3 Playwright Team                                                                             ║
╚════════════════════════════════════════════════════════════════════════════════════════════════╝
Call log:
  - &lt;launching&gt; /opt/hostedtoolcache/Python/3.11.15/x64/lib/python3.11/site-packages/Browser/wrapper/node_modules/playwright-core/.local-browsers/chromium-1223/chrome-linux64/chrome --disable-field-trial-config --disable-background-networking --disable-background-timer-throttling --disable-backgrounding-occl...
    [ Message content over the limit has been removed. ]
...able-hang-monitor --disable-ipc-flooding-protection --disable-popup-blocking --disable-prompt-on-repost --disable-renderer-backgrounding --force-color-profile=srgb --metrics-recording-only --no-first-run --password-store=basic --use-mock-keychain --no-service-autorun --export-tagged-pdf --disable-search-engine-choice-screen --unsafely-disable-devtools-self-xss-warnings --edge-skip-compat-layer-relaunch --disable-infobars --disable-search-engine-choice-screen --disable-sync --enable-unsafe-swiftshader --no-sandbox --user-data-dir=/tmp/playwright_chromiumdev_profile-pgQSgd --remote-debugging-pipe --no-startup-window
  - &lt;launched&gt; pid=3220
  - [pid=3220][err] [3220:3220:0607/212401.891317:ERROR:ui/ozone/platform/x11/ozone_platform_x11.cc:257] Missing X server or $DISPLAY
  - [pid=3220][err] [3220:3220:0607/212401.891352:ERROR:ui/aura/env.cc:246] The platform failed to initialize.  Exiting.
  - [pid=3220] &lt;gracefully close start&gt;
  - [pid=3220] &lt;kill&gt;
  - [pid=3220] &lt;will force kill&gt;
  - [pid=3220] &lt;process did exit: exitCode=1, signal=null&gt;
  - [pid=3220] starting temporary directories cleanup
  - [pid=3220] finished temporary directories cleanup
  - [pid=3220] &lt;gracefully close end&gt;</status>
</kw>
<kw name="Handle JS Confirm Accept" owner="alerts_keywords">
<status status="NOT RUN" start="2026-06-07T21:24:01.906965" elapsed="0.000059"/>
</kw>
<kw name="Close Browser Session With Screenshot On Failure" owner="browser_wrapper" type="TEARDOWN">
<kw name="Run Keyword If Test Failed" owner="BuiltIn">
<kw name="Take Screenshot" owner="Browser">
<msg time="2026-06-07T21:24:01.913130" level="INFO">Keyword 'Take Screenshot  fail-screenshot-{index}' could not be run on failure:
Error: Tried to take screenshot, but no page was open.</msg>
<msg time="2026-06-07T21:24:01.913267" level="INFO">See also file:///home/runner/work/robot-framework-automation/robot-framework-automation/results/playwright-log.txt for additional details.</msg>
<msg time="2026-06-07T21:24:01.913406" level="FAIL">Error: Tried to take screenshot, but no page was open.</msg>
<arg>filename=FAIL-{index}</arg>
<tag>PageContent</tag>
<doc>Takes a screenshot of the current window or element and saves it to disk.</doc>
<status status="FAIL" start="2026-06-07T21:24:01.907914" elapsed="0.006225">Error: Tried to take screenshot, but no page was open.</status>
</kw>
<arg>Take Screenshot</arg>
<arg>filename=FAIL-{index}</arg>
<doc>Runs the given keyword with the given arguments, if the test failed.</doc>
<status status="FAIL" start="2026-06-07T21:24:01.907574" elapsed="0.006679">Error: Tried to take screenshot, but no page was open.</status>
</kw>
<kw name="Close Browser" owner="Browser">
<msg time="2026-06-07T21:24:01.916305" level="INFO">No browser open, doing nothing</msg>
<tag>BrowserControl</tag>
<tag>Setter</tag>
<doc>Closes the current browser.</doc>
<status status="PASS" start="2026-06-07T21:24:01.914373" elapsed="0.002019"/>
</kw>
<status status="FAIL" start="2026-06-07T21:24:01.907293" elapsed="0.009224">Error: Tried to take screenshot, but no page was open.</status>
</kw>
<status status="FAIL" start="2026-06-07T21:24:01.817417" elapsed="0.099168">Error: browserType.launch: Target page, context or browser has been closed
Browser logs:

╔════════════════════════════════════════════════════════════════════════════════════════════════╗
║ Looks like you launched a headed browser without having a XServer running.                     ║
║ Set either 'headless: true' or use 'xvfb-run &lt;your-playwright-app&gt;' before running Playwright. ║
║                                                                                                ║
║ &lt;3 Playwright Team                                                                             ║
╚════════════════════════════════════════════════════════════════════════════════════════════════╝
Call log:
  - &lt;launching&gt; /opt/hostedtoolcache/Python/3.11.15/x64/lib/python3.11/site-packages/Browser/wrapper/node_modules/playwright-core/.local-browsers/chromium-1223/chrome-linux64/chrome --disable-field-trial-config --disable-background-networking --disable-background-timer-throttling --disable-backgrounding-occl...
    [ Message content over the limit has been removed. ]
...able-hang-monitor --disable-ipc-flooding-protection --disable-popup-blocking --disable-prompt-on-repost --disable-renderer-backgrounding --force-color-profile=srgb --metrics-recording-only --no-first-run --password-store=basic --use-mock-keychain --no-service-autorun --export-tagged-pdf --disable-search-engine-choice-screen --unsafely-disable-devtools-self-xss-warnings --edge-skip-compat-layer-relaunch --disable-infobars --disable-search-engine-choice-screen --disable-sync --enable-unsafe-swiftshader --no-sandbox --user-data-dir=/tmp/playwright_chromiumdev_profile-pgQSgd --remote-debugging-pipe --no-startup-window
  - &lt;launched&gt; pid=3220
  - [pid=3220][err] [3220:3220:0607/212401.891317:ERROR:ui/ozone/platform/x11/ozone_platform_x11.cc:257] Missing X server or $DISPLAY
  - [pid=3220][err] [3220:3220:0607/212401.891352:ERROR:ui/aura/env.cc:246] The platform failed to initialize.  Exiting.
  - [pid=3220] &lt;gracefully close start&gt;
  - [pid=3220] &lt;kill&gt;
  - [pid=3220] &lt;will force kill&gt;
  - [pid=3220] &lt;process did exit: exitCode=1, signal=null&gt;
  - [pid=3220] starting temporary directories cleanup
  - [pid=3220] finished temporary directories cleanup
  - [pid=3220] &lt;gracefully close end&gt;

Also teardown failed:
Error: Tried to take screenshot, but no page was open.</status>
</test>
<test id="s1-s1-t3" name="Handle JS Confirm Dismiss" line="16">
<kw name="Open Browser Session" owner="browser_wrapper">
<kw name="New Browser" owner="Browser">
<msg time="2026-06-07T21:24:01.925093" level="INFO">{"browser": "chromium", "headless": false, "chromiumSandbox": false, "devtools": false, "handleSIGHUP": true, "handleSIGINT": true, "handleSIGTERM": true, "slowMo": 0.0, "timeout": 30000.0, "tracesDir": "/home/runner/work/robot-framework-automation/robot-framework-automation/results/browser/traces/temp/508c66ab-9f78-4f9d-8d33-5deddd42d489"}</msg>
<msg time="2026-06-07T21:24:02.007231" level="INFO">Keyword 'Take Screenshot  fail-screenshot-{index}' could not be run on failure:
Error: Tried to take screenshot, but no page was open.</msg>
<msg time="2026-06-07T21:24:02.007350" level="INFO">See also file:///home/runner/work/robot-framework-automation/robot-framework-automation/results/playwright-log.txt for additional details.</msg>
<msg time="2026-06-07T21:24:02.007512" level="FAIL">Error: browserType.launch: Target page, context or browser has been closed
Browser logs:

╔════════════════════════════════════════════════════════════════════════════════════════════════╗
║ Looks like you launched a headed browser without having a XServer running.                     ║
║ Set either 'headless: true' or use 'xvfb-run &lt;your-playwright-app&gt;' before running Playwright. ║
║                                                                                                ║
║ &lt;3 Playwright Team                                                                             ║
╚════════════════════════════════════════════════════════════════════════════════════════════════╝
Call log:
  - &lt;launching&gt; /opt/hostedtoolcache/Python/3.11.15/x64/lib/python3.11/site-packages/Browser/wrapper/node_modules/playwright-core/.local-browsers/chromium-1223/chrome-linux64/chrome --disable-field-trial-config --disable-background-networking --disable-background-timer-throttling --disable-backgrounding-occluded-windows --disable-back-forward-cache --disable-breakpad --disable-client-side-phishing-detection --disable-component-extensions-with-background-pages --disable-component-update --no-default-browser-check --disable-default-apps --disable-dev-shm-usage --disable-edgeupdater --disable-extensions --disable-features=AvoidUnnecessaryBeforeUnloadCheckSync,BoundaryEventDispatchTracksNodeRemoval,DestroyProfileOnBrowserClose,DialMediaRouteProvider,GlobalMediaControls,HttpsUpgrades,LensOverlay,MediaRouter,PaintHolding,ThirdPartyStoragePartitioning,Translate,AutoDeElevate,RenderDocument,OptimizationHints,msForceBrowserSignIn,msEdgeUpdateLaunchServicesPreferredVersion --enable-features=CDPScreenshotNewSurface --allow-pre-commit-input --disable-hang-monitor --disable-ipc-flooding-protection --disable-popup-blocking --disable-prompt-on-repost --disable-renderer-backgrounding --force-color-profile=srgb --metrics-recording-only --no-first-run --password-store=basic --use-mock-keychain --no-service-autorun --export-tagged-pdf --disable-search-engine-choice-screen --unsafely-disable-devtools-self-xss-warnings --edge-skip-compat-layer-relaunch --disable-infobars --disable-search-engine-choice-screen --disable-sync --enable-unsafe-swiftshader --no-sandbox --user-data-dir=/tmp/playwright_chromiumdev_profile-9QPT3d --remote-debugging-pipe --no-startup-window
  - &lt;launched&gt; pid=3241
  - [pid=3241][err] [3241:3241:0607/212401.993710:ERROR:ui/ozone/platform/x11/ozone_platform_x11.cc:257] Missing X server or $DISPLAY
  - [pid=3241][err] [3241:3241:0607/212401.993743:ERROR:ui/aura/env.cc:246] The platform failed to initialize.  Exiting.
  - [pid=3241] &lt;gracefully close start&gt;
  - [pid=3241] &lt;kill&gt;
  - [pid=3241] &lt;will force kill&gt;
  - [pid=3241] &lt;process did exit: exitCode=1, signal=null&gt;
  - [pid=3241] starting temporary directories cleanup
  - [pid=3241] finished temporary directories cleanup
  - [pid=3241] &lt;gracefully close end&gt;
</msg>
<arg>${browser}</arg>
<arg>headless=False</arg>
<tag>BrowserControl</tag>
<tag>Setter</tag>
<doc>Create a new playwright Browser with specified options.</doc>
<status status="FAIL" start="2026-06-07T21:24:01.924557" elapsed="0.083762">Error: browserType.launch: Target page, context or browser has been closed
Browser logs:

╔════════════════════════════════════════════════════════════════════════════════════════════════╗
║ Looks like you launched a headed browser without having a XServer running.                     ║
║ Set either 'headless: true' or use 'xvfb-run &lt;your-playwright-app&gt;' before running Playwright. ║
║                                                                                                ║
║ &lt;3 Playwright Team                                                                             ║
╚════════════════════════════════════════════════════════════════════════════════════════════════╝
Call log:
  - &lt;launching&gt; /opt/hostedtoolcache/Python/3.11.15/x64/lib/python3.11/site-packages/Browser/wrapper/node_modules/playwright-core/.local-browsers/chromium-1223/chrome-linux64/chrome --disable-field-trial-config --disable-background-networking --disable-background-timer-throttling --disable-backgrounding-occl...
    [ Message content over the limit has been removed. ]
...able-hang-monitor --disable-ipc-flooding-protection --disable-popup-blocking --disable-prompt-on-repost --disable-renderer-backgrounding --force-color-profile=srgb --metrics-recording-only --no-first-run --password-store=basic --use-mock-keychain --no-service-autorun --export-tagged-pdf --disable-search-engine-choice-screen --unsafely-disable-devtools-self-xss-warnings --edge-skip-compat-layer-relaunch --disable-infobars --disable-search-engine-choice-screen --disable-sync --enable-unsafe-swiftshader --no-sandbox --user-data-dir=/tmp/playwright_chromiumdev_profile-9QPT3d --remote-debugging-pipe --no-startup-window
  - &lt;launched&gt; pid=3241
  - [pid=3241][err] [3241:3241:0607/212401.993710:ERROR:ui/ozone/platform/x11/ozone_platform_x11.cc:257] Missing X server or $DISPLAY
  - [pid=3241][err] [3241:3241:0607/212401.993743:ERROR:ui/aura/env.cc:246] The platform failed to initialize.  Exiting.
  - [pid=3241] &lt;gracefully close start&gt;
  - [pid=3241] &lt;kill&gt;
  - [pid=3241] &lt;will force kill&gt;
  - [pid=3241] &lt;process did exit: exitCode=1, signal=null&gt;
  - [pid=3241] starting temporary directories cleanup
  - [pid=3241] finished temporary directories cleanup
  - [pid=3241] &lt;gracefully close end&gt;</status>
</kw>
<kw name="New Context" owner="Browser">
<arg>viewport={'width': 1280, 'height': 720}</arg>
<tag>BrowserControl</tag>
<tag>Setter</tag>
<doc>Create a new BrowserContext with specified options.</doc>
<status status="NOT RUN" start="2026-06-07T21:24:02.008560" elapsed="0.000078"/>
</kw>
<status status="FAIL" start="2026-06-07T21:24:01.924238" elapsed="0.084552">Error: browserType.launch: Target page, context or browser has been closed
Browser logs:

╔════════════════════════════════════════════════════════════════════════════════════════════════╗
║ Looks like you launched a headed browser without having a XServer running.                     ║
║ Set either 'headless: true' or use 'xvfb-run &lt;your-playwright-app&gt;' before running Playwright. ║
║                                                                                                ║
║ &lt;3 Playwright Team                                                                             ║
╚════════════════════════════════════════════════════════════════════════════════════════════════╝
Call log:
  - &lt;launching&gt; /opt/hostedtoolcache/Python/3.11.15/x64/lib/python3.11/site-packages/Browser/wrapper/node_modules/playwright-core/.local-browsers/chromium-1223/chrome-linux64/chrome --disable-field-trial-config --disable-background-networking --disable-background-timer-throttling --disable-backgrounding-occl...
    [ Message content over the limit has been removed. ]
...able-hang-monitor --disable-ipc-flooding-protection --disable-popup-blocking --disable-prompt-on-repost --disable-renderer-backgrounding --force-color-profile=srgb --metrics-recording-only --no-first-run --password-store=basic --use-mock-keychain --no-service-autorun --export-tagged-pdf --disable-search-engine-choice-screen --unsafely-disable-devtools-self-xss-warnings --edge-skip-compat-layer-relaunch --disable-infobars --disable-search-engine-choice-screen --disable-sync --enable-unsafe-swiftshader --no-sandbox --user-data-dir=/tmp/playwright_chromiumdev_profile-9QPT3d --remote-debugging-pipe --no-startup-window
  - &lt;launched&gt; pid=3241
  - [pid=3241][err] [3241:3241:0607/212401.993710:ERROR:ui/ozone/platform/x11/ozone_platform_x11.cc:257] Missing X server or $DISPLAY
  - [pid=3241][err] [3241:3241:0607/212401.993743:ERROR:ui/aura/env.cc:246] The platform failed to initialize.  Exiting.
  - [pid=3241] &lt;gracefully close start&gt;
  - [pid=3241] &lt;kill&gt;
  - [pid=3241] &lt;will force kill&gt;
  - [pid=3241] &lt;process did exit: exitCode=1, signal=null&gt;
  - [pid=3241] starting temporary directories cleanup
  - [pid=3241] finished temporary directories cleanup
  - [pid=3241] &lt;gracefully close end&gt;</status>
</kw>
<kw name="Handle JS Confirm Dismiss" owner="alerts_keywords">
<status status="NOT RUN" start="2026-06-07T21:24:02.008998" elapsed="0.000058"/>
</kw>
<kw name="Close Browser Session With Screenshot On Failure" owner="browser_wrapper" type="TEARDOWN">
<kw name="Run Keyword If Test Failed" owner="BuiltIn">
<kw name="Take Screenshot" owner="Browser">
<msg time="2026-06-07T21:24:02.016284" level="INFO">Keyword 'Take Screenshot  fail-screenshot-{index}' could not be run on failure:
Error: Tried to take screenshot, but no page was open.</msg>
<msg time="2026-06-07T21:24:02.016367" level="INFO">See also file:///home/runner/work/robot-framework-automation/robot-framework-automation/results/playwright-log.txt for additional details.</msg>
<msg time="2026-06-07T21:24:02.016467" level="FAIL">Error: Tried to take screenshot, but no page was open.</msg>
<arg>filename=FAIL-{index}</arg>
<tag>PageContent</tag>
<doc>Takes a screenshot of the current window or element and saves it to disk.</doc>
<status status="FAIL" start="2026-06-07T21:24:02.009948" elapsed="0.007102">Error: Tried to take screenshot, but no page was open.</status>
</kw>
<arg>Take Screenshot</arg>
<arg>filename=FAIL-{index}</arg>
<doc>Runs the given keyword with the given arguments, if the test failed.</doc>
<status status="FAIL" start="2026-06-07T21:24:02.009610" elapsed="0.007525">Error: Tried to take screenshot, but no page was open.</status>
</kw>
<kw name="Close Browser" owner="Browser">
<msg time="2026-06-07T21:24:02.019050" level="INFO">No browser open, doing nothing</msg>
<tag>BrowserControl</tag>
<tag>Setter</tag>
<doc>Closes the current browser.</doc>
<status status="PASS" start="2026-06-07T21:24:02.017282" elapsed="0.001849"/>
</kw>
<status status="FAIL" start="2026-06-07T21:24:02.009327" elapsed="0.009961">Error: Tried to take screenshot, but no page was open.</status>
</kw>
<status status="FAIL" start="2026-06-07T21:24:01.921073" elapsed="0.098289">Error: browserType.launch: Target page, context or browser has been closed
Browser logs:

╔════════════════════════════════════════════════════════════════════════════════════════════════╗
║ Looks like you launched a headed browser without having a XServer running.                     ║
║ Set either 'headless: true' or use 'xvfb-run &lt;your-playwright-app&gt;' before running Playwright. ║
║                                                                                                ║
║ &lt;3 Playwright Team                                                                             ║
╚════════════════════════════════════════════════════════════════════════════════════════════════╝
Call log:
  - &lt;launching&gt; /opt/hostedtoolcache/Python/3.11.15/x64/lib/python3.11/site-packages/Browser/wrapper/node_modules/playwright-core/.local-browsers/chromium-1223/chrome-linux64/chrome --disable-field-trial-config --disable-background-networking --disable-background-timer-throttling --disable-backgrounding-occl...
    [ Message content over the limit has been removed. ]
...able-hang-monitor --disable-ipc-flooding-protection --disable-popup-blocking --disable-prompt-on-repost --disable-renderer-backgrounding --force-color-profile=srgb --metrics-recording-only --no-first-run --password-store=basic --use-mock-keychain --no-service-autorun --export-tagged-pdf --disable-search-engine-choice-screen --unsafely-disable-devtools-self-xss-warnings --edge-skip-compat-layer-relaunch --disable-infobars --disable-search-engine-choice-screen --disable-sync --enable-unsafe-swiftshader --no-sandbox --user-data-dir=/tmp/playwright_chromiumdev_profile-9QPT3d --remote-debugging-pipe --no-startup-window
  - &lt;launched&gt; pid=3241
  - [pid=3241][err] [3241:3241:0607/212401.993710:ERROR:ui/ozone/platform/x11/ozone_platform_x11.cc:257] Missing X server or $DISPLAY
  - [pid=3241][err] [3241:3241:0607/212401.993743:ERROR:ui/aura/env.cc:246] The platform failed to initialize.  Exiting.
  - [pid=3241] &lt;gracefully close start&gt;
  - [pid=3241] &lt;kill&gt;
  - [pid=3241] &lt;will force kill&gt;
  - [pid=3241] &lt;process did exit: exitCode=1, signal=null&gt;
  - [pid=3241] starting temporary directories cleanup
  - [pid=3241] finished temporary directories cleanup
  - [pid=3241] &lt;gracefully close end&gt;

Also teardown failed:
Error: Tried to take screenshot, but no page was open.</status>
</test>
<test id="s1-s1-t4" name="Handle JS Prompt With Text" line="21">
<kw name="Open Browser Session" owner="browser_wrapper">
<kw name="New Browser" owner="Browser">
<msg time="2026-06-07T21:24:02.027884" level="INFO">{"browser": "chromium", "headless": false, "chromiumSandbox": false, "devtools": false, "handleSIGHUP": true, "handleSIGINT": true, "handleSIGTERM": true, "slowMo": 0.0, "timeout": 30000.0, "tracesDir": "/home/runner/work/robot-framework-automation/robot-framework-automation/results/browser/traces/temp/ab713940-4703-4e68-8e88-02c90ad66368"}</msg>
<msg time="2026-06-07T21:24:02.110952" level="INFO">Keyword 'Take Screenshot  fail-screenshot-{index}' could not be run on failure:
Error: Tried to take screenshot, but no page was open.</msg>
<msg time="2026-06-07T21:24:02.111073" level="INFO">See also file:///home/runner/work/robot-framework-automation/robot-framework-automation/results/playwright-log.txt for additional details.</msg>
<msg time="2026-06-07T21:24:02.111323" level="FAIL">Error: browserType.launch: Target page, context or browser has been closed
Browser logs:

╔════════════════════════════════════════════════════════════════════════════════════════════════╗
║ Looks like you launched a headed browser without having a XServer running.                     ║
║ Set either 'headless: true' or use 'xvfb-run &lt;your-playwright-app&gt;' before running Playwright. ║
║                                                                                                ║
║ &lt;3 Playwright Team                                                                             ║
╚════════════════════════════════════════════════════════════════════════════════════════════════╝
Call log:
  - &lt;launching&gt; /opt/hostedtoolcache/Python/3.11.15/x64/lib/python3.11/site-packages/Browser/wrapper/node_modules/playwright-core/.local-browsers/chromium-1223/chrome-linux64/chrome --disable-field-trial-config --disable-background-networking --disable-background-timer-throttling --disable-backgrounding-occluded-windows --disable-back-forward-cache --disable-breakpad --disable-client-side-phishing-detection --disable-component-extensions-with-background-pages --disable-component-update --no-default-browser-check --disable-default-apps --disable-dev-shm-usage --disable-edgeupdater --disable-extensions --disable-features=AvoidUnnecessaryBeforeUnloadCheckSync,BoundaryEventDispatchTracksNodeRemoval,DestroyProfileOnBrowserClose,DialMediaRouteProvider,GlobalMediaControls,HttpsUpgrades,LensOverlay,MediaRouter,PaintHolding,ThirdPartyStoragePartitioning,Translate,AutoDeElevate,RenderDocument,OptimizationHints,msForceBrowserSignIn,msEdgeUpdateLaunchServicesPreferredVersion --enable-features=CDPScreenshotNewSurface --allow-pre-commit-input --disable-hang-monitor --disable-ipc-flooding-protection --disable-popup-blocking --disable-prompt-on-repost --disable-renderer-backgrounding --force-color-profile=srgb --metrics-recording-only --no-first-run --password-store=basic --use-mock-keychain --no-service-autorun --export-tagged-pdf --disable-search-engine-choice-screen --unsafely-disable-devtools-self-xss-warnings --edge-skip-compat-layer-relaunch --disable-infobars --disable-search-engine-choice-screen --disable-sync --enable-unsafe-swiftshader --no-sandbox --user-data-dir=/tmp/playwright_chromiumdev_profile-NCTDKO --remote-debugging-pipe --no-startup-window
  - &lt;launched&gt; pid=3262
  - [pid=3262][err] [3262:3262:0607/212402.098123:ERROR:ui/ozone/platform/x11/ozone_platform_x11.cc:257] Missing X server or $DISPLAY
  - [pid=3262][err] [3262:3262:0607/212402.098179:ERROR:ui/aura/env.cc:246] The platform failed to initialize.  Exiting.
  - [pid=3262] &lt;gracefully close start&gt;
  - [pid=3262] &lt;kill&gt;
  - [pid=3262] &lt;will force kill&gt;
  - [pid=3262] &lt;process did exit: exitCode=1, signal=null&gt;
  - [pid=3262] starting temporary directories cleanup
  - [pid=3262] finished temporary directories cleanup
  - [pid=3262] &lt;gracefully close end&gt;
</msg>
<arg>${browser}</arg>
<arg>headless=False</arg>
<tag>BrowserControl</tag>
<tag>Setter</tag>
<doc>Create a new playwright Browser with specified options.</doc>
<status status="FAIL" start="2026-06-07T21:24:02.027303" elapsed="0.084727">Error: browserType.launch: Target page, context or browser has been closed
Browser logs:

╔════════════════════════════════════════════════════════════════════════════════════════════════╗
║ Looks like you launched a headed browser without having a XServer running.                     ║
║ Set either 'headless: true' or use 'xvfb-run &lt;your-playwright-app&gt;' before running Playwright. ║
║                                                                                                ║
║ &lt;3 Playwright Team                                                                             ║
╚════════════════════════════════════════════════════════════════════════════════════════════════╝
Call log:
  - &lt;launching&gt; /opt/hostedtoolcache/Python/3.11.15/x64/lib/python3.11/site-packages/Browser/wrapper/node_modules/playwright-core/.local-browsers/chromium-1223/chrome-linux64/chrome --disable-field-trial-config --disable-background-networking --disable-background-timer-throttling --disable-backgrounding-occl...
    [ Message content over the limit has been removed. ]
...able-hang-monitor --disable-ipc-flooding-protection --disable-popup-blocking --disable-prompt-on-repost --disable-renderer-backgrounding --force-color-profile=srgb --metrics-recording-only --no-first-run --password-store=basic --use-mock-keychain --no-service-autorun --export-tagged-pdf --disable-search-engine-choice-screen --unsafely-disable-devtools-self-xss-warnings --edge-skip-compat-layer-relaunch --disable-infobars --disable-search-engine-choice-screen --disable-sync --enable-unsafe-swiftshader --no-sandbox --user-data-dir=/tmp/playwright_chromiumdev_profile-NCTDKO --remote-debugging-pipe --no-startup-window
  - &lt;launched&gt; pid=3262
  - [pid=3262][err] [3262:3262:0607/212402.098123:ERROR:ui/ozone/platform/x11/ozone_platform_x11.cc:257] Missing X server or $DISPLAY
  - [pid=3262][err] [3262:3262:0607/212402.098179:ERROR:ui/aura/env.cc:246] The platform failed to initialize.  Exiting.
  - [pid=3262] &lt;gracefully close start&gt;
  - [pid=3262] &lt;kill&gt;
  - [pid=3262] &lt;will force kill&gt;
  - [pid=3262] &lt;process did exit: exitCode=1, signal=null&gt;
  - [pid=3262] starting temporary directories cleanup
  - [pid=3262] finished temporary directories cleanup
  - [pid=3262] &lt;gracefully close end&gt;</status>
</kw>
<kw name="New Context" owner="Browser">
<arg>viewport={'width': 1280, 'height': 720}</arg>
<tag>BrowserControl</tag>
<tag>Setter</tag>
<doc>Create a new BrowserContext with specified options.</doc>
<status status="NOT RUN" start="2026-06-07T21:24:02.112300" elapsed="0.000079"/>
</kw>
<status status="FAIL" start="2026-06-07T21:24:02.026914" elapsed="0.085610">Error: browserType.launch: Target page, context or browser has been closed
Browser logs:

╔════════════════════════════════════════════════════════════════════════════════════════════════╗
║ Looks like you launched a headed browser without having a XServer running.                     ║
║ Set either 'headless: true' or use 'xvfb-run &lt;your-playwright-app&gt;' before running Playwright. ║
║                                                                                                ║
║ &lt;3 Playwright Team                                                                             ║
╚════════════════════════════════════════════════════════════════════════════════════════════════╝
Call log:
  - &lt;launching&gt; /opt/hostedtoolcache/Python/3.11.15/x64/lib/python3.11/site-packages/Browser/wrapper/node_modules/playwright-core/.local-browsers/chromium-1223/chrome-linux64/chrome --disable-field-trial-config --disable-background-networking --disable-background-timer-throttling --disable-backgrounding-occl...
    [ Message content over the limit has been removed. ]
...able-hang-monitor --disable-ipc-flooding-protection --disable-popup-blocking --disable-prompt-on-repost --disable-renderer-backgrounding --force-color-profile=srgb --metrics-recording-only --no-first-run --password-store=basic --use-mock-keychain --no-service-autorun --export-tagged-pdf --disable-search-engine-choice-screen --unsafely-disable-devtools-self-xss-warnings --edge-skip-compat-layer-relaunch --disable-infobars --disable-search-engine-choice-screen --disable-sync --enable-unsafe-swiftshader --no-sandbox --user-data-dir=/tmp/playwright_chromiumdev_profile-NCTDKO --remote-debugging-pipe --no-startup-window
  - &lt;launched&gt; pid=3262
  - [pid=3262][err] [3262:3262:0607/212402.098123:ERROR:ui/ozone/platform/x11/ozone_platform_x11.cc:257] Missing X server or $DISPLAY
  - [pid=3262][err] [3262:3262:0607/212402.098179:ERROR:ui/aura/env.cc:246] The platform failed to initialize.  Exiting.
  - [pid=3262] &lt;gracefully close start&gt;
  - [pid=3262] &lt;kill&gt;
  - [pid=3262] &lt;will force kill&gt;
  - [pid=3262] &lt;process did exit: exitCode=1, signal=null&gt;
  - [pid=3262] starting temporary directories cleanup
  - [pid=3262] finished temporary directories cleanup
  - [pid=3262] &lt;gracefully close end&gt;</status>
</kw>
<kw name="Handle JS Prompt" owner="alerts_keywords">
<arg>Hello Robot!</arg>
<status status="NOT RUN" start="2026-06-07T21:24:02.112750" elapsed="0.000057"/>
</kw>
<kw name="Close Browser Session With Screenshot On Failure" owner="browser_wrapper" type="TEARDOWN">
<kw name="Run Keyword If Test Failed" owner="BuiltIn">
<kw name="Take Screenshot" owner="Browser">
<msg time="2026-06-07T21:24:02.118667" level="INFO">Keyword 'Take Screenshot  fail-screenshot-{index}' could not be run on failure:
Error: Tried to take screenshot, but no page was open.</msg>
<msg time="2026-06-07T21:24:02.118750" level="INFO">See also file:///home/runner/work/robot-framework-automation/robot-framework-automation/results/playwright-log.txt for additional details.</msg>
<msg time="2026-06-07T21:24:02.118848" level="FAIL">Error: Tried to take screenshot, but no page was open.</msg>
<arg>filename=FAIL-{index}</arg>
<tag>PageContent</tag>
<doc>Takes a screenshot of the current window or element and saves it to disk.</doc>
<status status="FAIL" start="2026-06-07T21:24:02.113700" elapsed="0.005745">Error: Tried to take screenshot, but no page was open.</status>
</kw>
<arg>Take Screenshot</arg>
<arg>filename=FAIL-{index}</arg>
<doc>Runs the given keyword with the given arguments, if the test failed.</doc>
<status status="FAIL" start="2026-06-07T21:24:02.113358" elapsed="0.006163">Error: Tried to take screenshot, but no page was open.</status>
</kw>
<kw name="Close Browser" owner="Browser">
<msg time="2026-06-07T21:24:02.121311" level="INFO">No browser open, doing nothing</msg>
<tag>BrowserControl</tag>
<tag>Setter</tag>
<doc>Closes the current browser.</doc>
<status status="PASS" start="2026-06-07T21:24:02.119631" elapsed="0.001761"/>
</kw>
<status status="FAIL" start="2026-06-07T21:24:02.113039" elapsed="0.008482">Error: Tried to take screenshot, but no page was open.</status>
</kw>
<status status="FAIL" start="2026-06-07T21:24:02.023819" elapsed="0.097777">Error: browserType.launch: Target page, context or browser has been closed
Browser logs:

╔════════════════════════════════════════════════════════════════════════════════════════════════╗
║ Looks like you launched a headed browser without having a XServer running.                     ║
║ Set either 'headless: true' or use 'xvfb-run &lt;your-playwright-app&gt;' before running Playwright. ║
║                                                                                                ║
║ &lt;3 Playwright Team                                                                             ║
╚════════════════════════════════════════════════════════════════════════════════════════════════╝
Call log:
  - &lt;launching&gt; /opt/hostedtoolcache/Python/3.11.15/x64/lib/python3.11/site-packages/Browser/wrapper/node_modules/playwright-core/.local-browsers/chromium-1223/chrome-linux64/chrome --disable-field-trial-config --disable-background-networking --disable-background-timer-throttling --disable-backgrounding-occl...
    [ Message content over the limit has been removed. ]
...able-hang-monitor --disable-ipc-flooding-protection --disable-popup-blocking --disable-prompt-on-repost --disable-renderer-backgrounding --force-color-profile=srgb --metrics-recording-only --no-first-run --password-store=basic --use-mock-keychain --no-service-autorun --export-tagged-pdf --disable-search-engine-choice-screen --unsafely-disable-devtools-self-xss-warnings --edge-skip-compat-layer-relaunch --disable-infobars --disable-search-engine-choice-screen --disable-sync --enable-unsafe-swiftshader --no-sandbox --user-data-dir=/tmp/playwright_chromiumdev_profile-NCTDKO --remote-debugging-pipe --no-startup-window
  - &lt;launched&gt; pid=3262
  - [pid=3262][err] [3262:3262:0607/212402.098123:ERROR:ui/ozone/platform/x11/ozone_platform_x11.cc:257] Missing X server or $DISPLAY
  - [pid=3262][err] [3262:3262:0607/212402.098179:ERROR:ui/aura/env.cc:246] The platform failed to initialize.  Exiting.
  - [pid=3262] &lt;gracefully close start&gt;
  - [pid=3262] &lt;kill&gt;
  - [pid=3262] &lt;will force kill&gt;
  - [pid=3262] &lt;process did exit: exitCode=1, signal=null&gt;
  - [pid=3262] starting temporary directories cleanup
  - [pid=3262] finished temporary directories cleanup
  - [pid=3262] &lt;gracefully close end&gt;

Also teardown failed:
Error: Tried to take screenshot, but no page was open.</status>
</test>
<status status="FAIL" start="2026-06-07T21:24:00.904159" elapsed="1.221690"/>
</suite>
<suite id="s1-s2" name="Checkboxes Test" source="/home/runner/work/robot-framework-automation/robot-framework-automation/tests/web/checkboxes_test.robot">
<test id="s1-s2-t1" name="Check First Checkbox" line="6">
<kw name="Open Browser Session" owner="browser_wrapper">
<kw name="New Browser" owner="Browser">
<msg time="2026-06-07T21:24:02.142714" level="INFO">{"browser": "chromium", "headless": false, "chromiumSandbox": false, "devtools": false, "handleSIGHUP": true, "handleSIGINT": true, "handleSIGTERM": true, "slowMo": 0.0, "timeout": 30000.0, "tracesDir": "/home/runner/work/robot-framework-automation/robot-framework-automation/results/browser/traces/temp/e63dedd0-fc42-42cb-b951-71494bd8b448"}</msg>
<msg time="2026-06-07T21:24:02.224347" level="INFO">Keyword 'Take Screenshot  fail-screenshot-{index}' could not be run on failure:
Error: Tried to take screenshot, but no page was open.</msg>
<msg time="2026-06-07T21:24:02.224462" level="INFO">See also file:///home/runner/work/robot-framework-automation/robot-framework-automation/results/playwright-log.txt for additional details.</msg>
<msg time="2026-06-07T21:24:02.224620" level="FAIL">Error: browserType.launch: Target page, context or browser has been closed
Browser logs:

╔════════════════════════════════════════════════════════════════════════════════════════════════╗
║ Looks like you launched a headed browser without having a XServer running.                     ║
║ Set either 'headless: true' or use 'xvfb-run &lt;your-playwright-app&gt;' before running Playwright. ║
║                                                                                                ║
║ &lt;3 Playwright Team                                                                             ║
╚════════════════════════════════════════════════════════════════════════════════════════════════╝
Call log:
  - &lt;launching&gt; /opt/hostedtoolcache/Python/3.11.15/x64/lib/python3.11/site-packages/Browser/wrapper/node_modules/playwright-core/.local-browsers/chromium-1223/chrome-linux64/chrome --disable-field-trial-config --disable-background-networking --disable-background-timer-throttling --disable-backgrounding-occluded-windows --disable-back-forward-cache --disable-breakpad --disable-client-side-phishing-detection --disable-component-extensions-with-background-pages --disable-component-update --no-default-browser-check --disable-default-apps --disable-dev-shm-usage --disable-edgeupdater --disable-extensions --disable-features=AvoidUnnecessaryBeforeUnloadCheckSync,BoundaryEventDispatchTracksNodeRemoval,DestroyProfileOnBrowserClose,DialMediaRouteProvider,GlobalMediaControls,HttpsUpgrades,LensOverlay,MediaRouter,PaintHolding,ThirdPartyStoragePartitioning,Translate,AutoDeElevate,RenderDocument,OptimizationHints,msForceBrowserSignIn,msEdgeUpdateLaunchServicesPreferredVersion --enable-features=CDPScreenshotNewSurface --allow-pre-commit-input --disable-hang-monitor --disable-ipc-flooding-protection --disable-popup-blocking --disable-prompt-on-repost --disable-renderer-backgrounding --force-color-profile=srgb --metrics-recording-only --no-first-run --password-store=basic --use-mock-keychain --no-service-autorun --export-tagged-pdf --disable-search-engine-choice-screen --unsafely-disable-devtools-self-xss-warnings --edge-skip-compat-layer-relaunch --disable-infobars --disable-search-engine-choice-screen --disable-sync --enable-unsafe-swiftshader --no-sandbox --user-data-dir=/tmp/playwright_chromiumdev_profile-OAFlw9 --remote-debugging-pipe --no-startup-window
  - &lt;launched&gt; pid=3283
  - [pid=3283][err] [3283:3283:0607/212402.211486:ERROR:ui/ozone/platform/x11/ozone_platform_x11.cc:257] Missing X server or $DISPLAY
  - [pid=3283][err] [3283:3283:0607/212402.211521:ERROR:ui/aura/env.cc:246] The platform failed to initialize.  Exiting.
  - [pid=3283] &lt;gracefully close start&gt;
  - [pid=3283] &lt;kill&gt;
  - [pid=3283] &lt;will force kill&gt;
  - [pid=3283] &lt;process did exit: exitCode=1, signal=null&gt;
  - [pid=3283] starting temporary directories cleanup
  - [pid=3283] finished temporary directories cleanup
  - [pid=3283] &lt;gracefully close end&gt;
</msg>
<arg>${browser}</arg>
<arg>headless=False</arg>
<tag>BrowserControl</tag>
<tag>Setter</tag>
<doc>Create a new playwright Browser with specified options.</doc>
<status status="FAIL" start="2026-06-07T21:24:02.142113" elapsed="0.083277">Error: browserType.launch: Target page, context or browser has been closed
Browser logs:

╔════════════════════════════════════════════════════════════════════════════════════════════════╗
║ Looks like you launched a headed browser without having a XServer running.                     ║
║ Set either 'headless: true' or use 'xvfb-run &lt;your-playwright-app&gt;' before running Playwright. ║
║                                                                                                ║
║ &lt;3 Playwright Team                                                                             ║
╚════════════════════════════════════════════════════════════════════════════════════════════════╝
Call log:
  - &lt;launching&gt; /opt/hostedtoolcache/Python/3.11.15/x64/lib/python3.11/site-packages/Browser/wrapper/node_modules/playwright-core/.local-browsers/chromium-1223/chrome-linux64/chrome --disable-field-trial-config --disable-background-networking --disable-background-timer-throttling --disable-backgrounding-occl...
    [ Message content over the limit has been removed. ]
...able-hang-monitor --disable-ipc-flooding-protection --disable-popup-blocking --disable-prompt-on-repost --disable-renderer-backgrounding --force-color-profile=srgb --metrics-recording-only --no-first-run --password-store=basic --use-mock-keychain --no-service-autorun --export-tagged-pdf --disable-search-engine-choice-screen --unsafely-disable-devtools-self-xss-warnings --edge-skip-compat-layer-relaunch --disable-infobars --disable-search-engine-choice-screen --disable-sync --enable-unsafe-swiftshader --no-sandbox --user-data-dir=/tmp/playwright_chromiumdev_profile-OAFlw9 --remote-debugging-pipe --no-startup-window
  - &lt;launched&gt; pid=3283
  - [pid=3283][err] [3283:3283:0607/212402.211486:ERROR:ui/ozone/platform/x11/ozone_platform_x11.cc:257] Missing X server or $DISPLAY
  - [pid=3283][err] [3283:3283:0607/212402.211521:ERROR:ui/aura/env.cc:246] The platform failed to initialize.  Exiting.
  - [pid=3283] &lt;gracefully close start&gt;
  - [pid=3283] &lt;kill&gt;
  - [pid=3283] &lt;will force kill&gt;
  - [pid=3283] &lt;process did exit: exitCode=1, signal=null&gt;
  - [pid=3283] starting temporary directories cleanup
  - [pid=3283] finished temporary directories cleanup
  - [pid=3283] &lt;gracefully close end&gt;</status>
</kw>
<kw name="New Context" owner="Browser">
<arg>viewport={'width': 1280, 'height': 720}</arg>
<tag>BrowserControl</tag>
<tag>Setter</tag>
<doc>Create a new BrowserContext with specified options.</doc>
<status status="NOT RUN" start="2026-06-07T21:24:02.225632" elapsed="0.000074"/>
</kw>
<status status="FAIL" start="2026-06-07T21:24:02.141788" elapsed="0.084061">Error: browserType.launch: Target page, context or browser has been closed
Browser logs:

╔════════════════════════════════════════════════════════════════════════════════════════════════╗
║ Looks like you launched a headed browser without having a XServer running.                     ║
║ Set either 'headless: true' or use 'xvfb-run &lt;your-playwright-app&gt;' before running Playwright. ║
║                                                                                                ║
║ &lt;3 Playwright Team                                                                             ║
╚════════════════════════════════════════════════════════════════════════════════════════════════╝
Call log:
  - &lt;launching&gt; /opt/hostedtoolcache/Python/3.11.15/x64/lib/python3.11/site-packages/Browser/wrapper/node_modules/playwright-core/.local-browsers/chromium-1223/chrome-linux64/chrome --disable-field-trial-config --disable-background-networking --disable-background-timer-throttling --disable-backgrounding-occl...
    [ Message content over the limit has been removed. ]
...able-hang-monitor --disable-ipc-flooding-protection --disable-popup-blocking --disable-prompt-on-repost --disable-renderer-backgrounding --force-color-profile=srgb --metrics-recording-only --no-first-run --password-store=basic --use-mock-keychain --no-service-autorun --export-tagged-pdf --disable-search-engine-choice-screen --unsafely-disable-devtools-self-xss-warnings --edge-skip-compat-layer-relaunch --disable-infobars --disable-search-engine-choice-screen --disable-sync --enable-unsafe-swiftshader --no-sandbox --user-data-dir=/tmp/playwright_chromiumdev_profile-OAFlw9 --remote-debugging-pipe --no-startup-window
  - &lt;launched&gt; pid=3283
  - [pid=3283][err] [3283:3283:0607/212402.211486:ERROR:ui/ozone/platform/x11/ozone_platform_x11.cc:257] Missing X server or $DISPLAY
  - [pid=3283][err] [3283:3283:0607/212402.211521:ERROR:ui/aura/env.cc:246] The platform failed to initialize.  Exiting.
  - [pid=3283] &lt;gracefully close start&gt;
  - [pid=3283] &lt;kill&gt;
  - [pid=3283] &lt;will force kill&gt;
  - [pid=3283] &lt;process did exit: exitCode=1, signal=null&gt;
  - [pid=3283] starting temporary directories cleanup
  - [pid=3283] finished temporary directories cleanup
  - [pid=3283] &lt;gracefully close end&gt;</status>
</kw>
<kw name="Check First Checkbox" owner="checkboxes_keywords">
<status status="NOT RUN" start="2026-06-07T21:24:02.226030" elapsed="0.000056"/>
</kw>
<kw name="Close Browser Session With Screenshot On Failure" owner="browser_wrapper" type="TEARDOWN">
<kw name="Run Keyword If Test Failed" owner="BuiltIn">
<kw name="Take Screenshot" owner="Browser">
<msg time="2026-06-07T21:24:02.232442" level="INFO">Keyword 'Take Screenshot  fail-screenshot-{index}' could not be run on failure:
Error: Tried to take screenshot, but no page was open.</msg>
<msg time="2026-06-07T21:24:02.232519" level="INFO">See also file:///home/runner/work/robot-framework-automation/robot-framework-automation/results/playwright-log.txt for additional details.</msg>
<msg time="2026-06-07T21:24:02.232614" level="FAIL">Error: Tried to take screenshot, but no page was open.</msg>
<arg>filename=FAIL-{index}</arg>
<tag>PageContent</tag>
<doc>Takes a screenshot of the current window or element and saves it to disk.</doc>
<status status="FAIL" start="2026-06-07T21:24:02.226927" elapsed="0.006287">Error: Tried to take screenshot, but no page was open.</status>
</kw>
<arg>Take Screenshot</arg>
<arg>filename=FAIL-{index}</arg>
<doc>Runs the given keyword with the given arguments, if the test failed.</doc>
<status status="FAIL" start="2026-06-07T21:24:02.226601" elapsed="0.006696">Error: Tried to take screenshot, but no page was open.</status>
</kw>
<kw name="Close Browser" owner="Browser">
<msg time="2026-06-07T21:24:02.235122" level="INFO">No browser open, doing nothing</msg>
<tag>BrowserControl</tag>
<tag>Setter</tag>
<doc>Closes the current browser.</doc>
<status status="PASS" start="2026-06-07T21:24:02.233411" elapsed="0.001827"/>
</kw>
<status status="FAIL" start="2026-06-07T21:24:02.226339" elapsed="0.009019">Error: Tried to take screenshot, but no page was open.</status>
</kw>
<status status="FAIL" start="2026-06-07T21:24:02.138140" elapsed="0.097284">Error: browserType.launch: Target page, context or browser has been closed
Browser logs:

╔════════════════════════════════════════════════════════════════════════════════════════════════╗
║ Looks like you launched a headed browser without having a XServer running.                     ║
║ Set either 'headless: true' or use 'xvfb-run &lt;your-playwright-app&gt;' before running Playwright. ║
║                                                                                                ║
║ &lt;3 Playwright Team                                                                             ║
╚════════════════════════════════════════════════════════════════════════════════════════════════╝
Call log:
  - &lt;launching&gt; /opt/hostedtoolcache/Python/3.11.15/x64/lib/python3.11/site-packages/Browser/wrapper/node_modules/playwright-core/.local-browsers/chromium-1223/chrome-linux64/chrome --disable-field-trial-config --disable-background-networking --disable-background-timer-throttling --disable-backgrounding-occl...
    [ Message content over the limit has been removed. ]
...able-hang-monitor --disable-ipc-flooding-protection --disable-popup-blocking --disable-prompt-on-repost --disable-renderer-backgrounding --force-color-profile=srgb --metrics-recording-only --no-first-run --password-store=basic --use-mock-keychain --no-service-autorun --export-tagged-pdf --disable-search-engine-choice-screen --unsafely-disable-devtools-self-xss-warnings --edge-skip-compat-layer-relaunch --disable-infobars --disable-search-engine-choice-screen --disable-sync --enable-unsafe-swiftshader --no-sandbox --user-data-dir=/tmp/playwright_chromiumdev_profile-OAFlw9 --remote-debugging-pipe --no-startup-window
  - &lt;launched&gt; pid=3283
  - [pid=3283][err] [3283:3283:0607/212402.211486:ERROR:ui/ozone/platform/x11/ozone_platform_x11.cc:257] Missing X server or $DISPLAY
  - [pid=3283][err] [3283:3283:0607/212402.211521:ERROR:ui/aura/env.cc:246] The platform failed to initialize.  Exiting.
  - [pid=3283] &lt;gracefully close start&gt;
  - [pid=3283] &lt;kill&gt;
  - [pid=3283] &lt;will force kill&gt;
  - [pid=3283] &lt;process did exit: exitCode=1, signal=null&gt;
  - [pid=3283] starting temporary directories cleanup
  - [pid=3283] finished temporary directories cleanup
  - [pid=3283] &lt;gracefully close end&gt;

Also teardown failed:
Error: Tried to take screenshot, but no page was open.</status>
</test>
<test id="s1-s2-t2" name="Uncheck Second Checkbox" line="11">
<kw name="Open Browser Session" owner="browser_wrapper">
<kw name="New Browser" owner="Browser">
<msg time="2026-06-07T21:24:02.244093" level="INFO">{"browser": "chromium", "headless": false, "chromiumSandbox": false, "devtools": false, "handleSIGHUP": true, "handleSIGINT": true, "handleSIGTERM": true, "slowMo": 0.0, "timeout": 30000.0, "tracesDir": "/home/runner/work/robot-framework-automation/robot-framework-automation/results/browser/traces/temp/ae6686f6-7168-4865-a107-a268755aded7"}</msg>
<msg time="2026-06-07T21:24:02.325908" level="INFO">Keyword 'Take Screenshot  fail-screenshot-{index}' could not be run on failure:
Error: Tried to take screenshot, but no page was open.</msg>
<msg time="2026-06-07T21:24:02.326015" level="INFO">See also file:///home/runner/work/robot-framework-automation/robot-framework-automation/results/playwright-log.txt for additional details.</msg>
<msg time="2026-06-07T21:24:02.326277" level="FAIL">Error: browserType.launch: Target page, context or browser has been closed
Browser logs:

╔════════════════════════════════════════════════════════════════════════════════════════════════╗
║ Looks like you launched a headed browser without having a XServer running.                     ║
║ Set either 'headless: true' or use 'xvfb-run &lt;your-playwright-app&gt;' before running Playwright. ║
║                                                                                                ║
║ &lt;3 Playwright Team                                                                             ║
╚════════════════════════════════════════════════════════════════════════════════════════════════╝
Call log:
  - &lt;launching&gt; /opt/hostedtoolcache/Python/3.11.15/x64/lib/python3.11/site-packages/Browser/wrapper/node_modules/playwright-core/.local-browsers/chromium-1223/chrome-linux64/chrome --disable-field-trial-config --disable-background-networking --disable-background-timer-throttling --disable-backgrounding-occluded-windows --disable-back-forward-cache --disable-breakpad --disable-client-side-phishing-detection --disable-component-extensions-with-background-pages --disable-component-update --no-default-browser-check --disable-default-apps --disable-dev-shm-usage --disable-edgeupdater --disable-extensions --disable-features=AvoidUnnecessaryBeforeUnloadCheckSync,BoundaryEventDispatchTracksNodeRemoval,DestroyProfileOnBrowserClose,DialMediaRouteProvider,GlobalMediaControls,HttpsUpgrades,LensOverlay,MediaRouter,PaintHolding,ThirdPartyStoragePartitioning,Translate,AutoDeElevate,RenderDocument,OptimizationHints,msForceBrowserSignIn,msEdgeUpdateLaunchServicesPreferredVersion --enable-features=CDPScreenshotNewSurface --allow-pre-commit-input --disable-hang-monitor --disable-ipc-flooding-protection --disable-popup-blocking --disable-prompt-on-repost --disable-renderer-backgrounding --force-color-profile=srgb --metrics-recording-only --no-first-run --password-store=basic --use-mock-keychain --no-service-autorun --export-tagged-pdf --disable-search-engine-choice-screen --unsafely-disable-devtools-self-xss-warnings --edge-skip-compat-layer-relaunch --disable-infobars --disable-search-engine-choice-screen --disable-sync --enable-unsafe-swiftshader --no-sandbox --user-data-dir=/tmp/playwright_chromiumdev_profile-32DXtz --remote-debugging-pipe --no-startup-window
  - &lt;launched&gt; pid=3304
  - [pid=3304][err] [3304:3304:0607/212402.313515:ERROR:ui/ozone/platform/x11/ozone_platform_x11.cc:257] Missing X server or $DISPLAY
  - [pid=3304][err] [3304:3304:0607/212402.313545:ERROR:ui/aura/env.cc:246] The platform failed to initialize.  Exiting.
  - [pid=3304] &lt;gracefully close start&gt;
  - [pid=3304] &lt;kill&gt;
  - [pid=3304] &lt;will force kill&gt;
  - [pid=3304] &lt;process did exit: exitCode=1, signal=null&gt;
  - [pid=3304] starting temporary directories cleanup
  - [pid=3304] finished temporary directories cleanup
  - [pid=3304] &lt;gracefully close end&gt;
</msg>
<arg>${browser}</arg>
<arg>headless=False</arg>
<tag>BrowserControl</tag>
<tag>Setter</tag>
<doc>Create a new playwright Browser with specified options.</doc>
<status status="FAIL" start="2026-06-07T21:24:02.243549" elapsed="0.083436">Error: browserType.launch: Target page, context or browser has been closed
Browser logs:

╔════════════════════════════════════════════════════════════════════════════════════════════════╗
║ Looks like you launched a headed browser without having a XServer running.                     ║
║ Set either 'headless: true' or use 'xvfb-run &lt;your-playwright-app&gt;' before running Playwright. ║
║                                                                                                ║
║ &lt;3 Playwright Team                                                                             ║
╚════════════════════════════════════════════════════════════════════════════════════════════════╝
Call log:
  - &lt;launching&gt; /opt/hostedtoolcache/Python/3.11.15/x64/lib/python3.11/site-packages/Browser/wrapper/node_modules/playwright-core/.local-browsers/chromium-1223/chrome-linux64/chrome --disable-field-trial-config --disable-background-networking --disable-background-timer-throttling --disable-backgrounding-occl...
    [ Message content over the limit has been removed. ]
...able-hang-monitor --disable-ipc-flooding-protection --disable-popup-blocking --disable-prompt-on-repost --disable-renderer-backgrounding --force-color-profile=srgb --metrics-recording-only --no-first-run --password-store=basic --use-mock-keychain --no-service-autorun --export-tagged-pdf --disable-search-engine-choice-screen --unsafely-disable-devtools-self-xss-warnings --edge-skip-compat-layer-relaunch --disable-infobars --disable-search-engine-choice-screen --disable-sync --enable-unsafe-swiftshader --no-sandbox --user-data-dir=/tmp/playwright_chromiumdev_profile-32DXtz --remote-debugging-pipe --no-startup-window
  - &lt;launched&gt; pid=3304
  - [pid=3304][err] [3304:3304:0607/212402.313515:ERROR:ui/ozone/platform/x11/ozone_platform_x11.cc:257] Missing X server or $DISPLAY
  - [pid=3304][err] [3304:3304:0607/212402.313545:ERROR:ui/aura/env.cc:246] The platform failed to initialize.  Exiting.
  - [pid=3304] &lt;gracefully close start&gt;
  - [pid=3304] &lt;kill&gt;
  - [pid=3304] &lt;will force kill&gt;
  - [pid=3304] &lt;process did exit: exitCode=1, signal=null&gt;
  - [pid=3304] starting temporary directories cleanup
  - [pid=3304] finished temporary directories cleanup
  - [pid=3304] &lt;gracefully close end&gt;</status>
</kw>
<kw name="New Context" owner="Browser">
<arg>viewport={'width': 1280, 'height': 720}</arg>
<tag>BrowserControl</tag>
<tag>Setter</tag>
<doc>Create a new BrowserContext with specified options.</doc>
<status status="NOT RUN" start="2026-06-07T21:24:02.327243" elapsed="0.000074"/>
</kw>
<status status="FAIL" start="2026-06-07T21:24:02.243233" elapsed="0.084223">Error: browserType.launch: Target page, context or browser has been closed
Browser logs:

╔════════════════════════════════════════════════════════════════════════════════════════════════╗
║ Looks like you launched a headed browser without having a XServer running.                     ║
║ Set either 'headless: true' or use 'xvfb-run &lt;your-playwright-app&gt;' before running Playwright. ║
║                                                                                                ║
║ &lt;3 Playwright Team                                                                             ║
╚════════════════════════════════════════════════════════════════════════════════════════════════╝
Call log:
  - &lt;launching&gt; /opt/hostedtoolcache/Python/3.11.15/x64/lib/python3.11/site-packages/Browser/wrapper/node_modules/playwright-core/.local-browsers/chromium-1223/chrome-linux64/chrome --disable-field-trial-config --disable-background-networking --disable-background-timer-throttling --disable-backgrounding-occl...
    [ Message content over the limit has been removed. ]
...able-hang-monitor --disable-ipc-flooding-protection --disable-popup-blocking --disable-prompt-on-repost --disable-renderer-backgrounding --force-color-profile=srgb --metrics-recording-only --no-first-run --password-store=basic --use-mock-keychain --no-service-autorun --export-tagged-pdf --disable-search-engine-choice-screen --unsafely-disable-devtools-self-xss-warnings --edge-skip-compat-layer-relaunch --disable-infobars --disable-search-engine-choice-screen --disable-sync --enable-unsafe-swiftshader --no-sandbox --user-data-dir=/tmp/playwright_chromiumdev_profile-32DXtz --remote-debugging-pipe --no-startup-window
  - &lt;launched&gt; pid=3304
  - [pid=3304][err] [3304:3304:0607/212402.313515:ERROR:ui/ozone/platform/x11/ozone_platform_x11.cc:257] Missing X server or $DISPLAY
  - [pid=3304][err] [3304:3304:0607/212402.313545:ERROR:ui/aura/env.cc:246] The platform failed to initialize.  Exiting.
  - [pid=3304] &lt;gracefully close start&gt;
  - [pid=3304] &lt;kill&gt;
  - [pid=3304] &lt;will force kill&gt;
  - [pid=3304] &lt;process did exit: exitCode=1, signal=null&gt;
  - [pid=3304] starting temporary directories cleanup
  - [pid=3304] finished temporary directories cleanup
  - [pid=3304] &lt;gracefully close end&gt;</status>
</kw>
<kw name="Uncheck Second Checkbox" owner="checkboxes_keywords">
<status status="NOT RUN" start="2026-06-07T21:24:02.327662" elapsed="0.000057"/>
</kw>
<kw name="Close Browser Session With Screenshot On Failure" owner="browser_wrapper" type="TEARDOWN">
<kw name="Run Keyword If Test Failed" owner="BuiltIn">
<kw name="Take Screenshot" owner="Browser">
<msg time="2026-06-07T21:24:02.334341" level="INFO">Keyword 'Take Screenshot  fail-screenshot-{index}' could not be run on failure:
Error: Tried to take screenshot, but no page was open.</msg>
<msg time="2026-06-07T21:24:02.334416" level="INFO">See also file:///home/runner/work/robot-framework-automation/robot-framework-automation/results/playwright-log.txt for additional details.</msg>
<msg time="2026-06-07T21:24:02.334507" level="FAIL">Error: Tried to take screenshot, but no page was open.</msg>
<arg>filename=FAIL-{index}</arg>
<tag>PageContent</tag>
<doc>Takes a screenshot of the current window or element and saves it to disk.</doc>
<status status="FAIL" start="2026-06-07T21:24:02.328554" elapsed="0.006505">Error: Tried to take screenshot, but no page was open.</status>
</kw>
<arg>Take Screenshot</arg>
<arg>filename=FAIL-{index}</arg>
<doc>Runs the given keyword with the given arguments, if the test failed.</doc>
<status status="FAIL" start="2026-06-07T21:24:02.328223" elapsed="0.006913">Error: Tried to take screenshot, but no page was open.</status>
</kw>
<kw name="Close Browser" owner="Browser">
<msg time="2026-06-07T21:24:02.336882" level="INFO">No browser open, doing nothing</msg>
<tag>BrowserControl</tag>
<tag>Setter</tag>
<doc>Closes the current browser.</doc>
<status status="PASS" start="2026-06-07T21:24:02.335269" elapsed="0.001694"/>
[...]
<arg>wrongpassword</arg>
<status status="NOT RUN" start="2026-06-07T21:24:02.664137" elapsed="0.000093"/>
</kw>
<kw name="Login Should Fail" owner="login_keywords">
<status status="NOT RUN" start="2026-06-07T21:24:02.664345" elapsed="0.000043"/>
</kw>
<kw name="Close Browser Session With Screenshot On Failure" owner="browser_wrapper" type="TEARDOWN">
<kw name="Run Keyword If Test Failed" owner="BuiltIn">
<kw name="Take Screenshot" owner="Browser">
<msg time="2026-06-07T21:24:02.671675" level="INFO">Keyword 'Take Screenshot  fail-screenshot-{index}' could not be run on failure:
Error: Tried to take screenshot, but no page was open.</msg>
<msg time="2026-06-07T21:24:02.671756" level="INFO">See also file:///home/runner/work/robot-framework-automation/robot-framework-automation/results/playwright-log.txt for additional details.</msg>
<msg time="2026-06-07T21:24:02.671859" level="FAIL">Error: Tried to take screenshot, but no page was open.</msg>
<arg>filename=FAIL-{index}</arg>
<tag>PageContent</tag>
<doc>Takes a screenshot of the current window or element and saves it to disk.</doc>
<status status="FAIL" start="2026-06-07T21:24:02.665202" elapsed="0.007271">Error: Tried to take screenshot, but no page was open.</status>
</kw>
<arg>Take Screenshot</arg>
<arg>filename=FAIL-{index}</arg>
<doc>Runs the given keyword with the given arguments, if the test failed.</doc>
<status status="FAIL" start="2026-06-07T21:24:02.664854" elapsed="0.007707">Error: Tried to take screenshot, but no page was open.</status>
</kw>
<kw name="Close Browser" owner="Browser">
<msg time="2026-06-07T21:24:02.674568" level="INFO">No browser open, doing nothing</msg>
<tag>BrowserControl</tag>
<tag>Setter</tag>
<doc>Closes the current browser.</doc>
<status status="PASS" start="2026-06-07T21:24:02.672686" elapsed="0.001968"/>
</kw>
<status status="FAIL" start="2026-06-07T21:24:02.664598" elapsed="0.010180">Error: Tried to take screenshot, but no page was open.</status>
</kw>
<status status="FAIL" start="2026-06-07T21:24:02.576917" elapsed="0.097927">Error: browserType.launch: Target page, context or browser has been closed
Browser logs:

╔════════════════════════════════════════════════════════════════════════════════════════════════╗
║ Looks like you launched a headed browser without having a XServer running.                     ║
║ Set either 'headless: true' or use 'xvfb-run &lt;your-playwright-app&gt;' before running Playwright. ║
║                                                                                                ║
║ &lt;3 Playwright Team                                                                             ║
╚════════════════════════════════════════════════════════════════════════════════════════════════╝
Call log:
  - &lt;launching&gt; /opt/hostedtoolcache/Python/3.11.15/x64/lib/python3.11/site-packages/Browser/wrapper/node_modules/playwright-core/.local-browsers/chromium-1223/chrome-linux64/chrome --disable-field-trial-config --disable-background-networking --disable-background-timer-throttling --disable-backgrounding-occl...
    [ Message content over the limit has been removed. ]
...able-hang-monitor --disable-ipc-flooding-protection --disable-popup-blocking --disable-prompt-on-repost --disable-renderer-backgrounding --force-color-profile=srgb --metrics-recording-only --no-first-run --password-store=basic --use-mock-keychain --no-service-autorun --export-tagged-pdf --disable-search-engine-choice-screen --unsafely-disable-devtools-self-xss-warnings --edge-skip-compat-layer-relaunch --disable-infobars --disable-search-engine-choice-screen --disable-sync --enable-unsafe-swiftshader --no-sandbox --user-data-dir=/tmp/playwright_chromiumdev_profile-9YTfhY --remote-debugging-pipe --no-startup-window
  - &lt;launched&gt; pid=3367
  - [pid=3367][err] [3367:3367:0607/212402.649344:ERROR:ui/ozone/platform/x11/ozone_platform_x11.cc:257] Missing X server or $DISPLAY
  - [pid=3367][err] [3367:3367:0607/212402.649374:ERROR:ui/aura/env.cc:246] The platform failed to initialize.  Exiting.
  - [pid=3367] &lt;gracefully close start&gt;
  - [pid=3367] &lt;kill&gt;
  - [pid=3367] &lt;will force kill&gt;
  - [pid=3367] &lt;process did exit: exitCode=1, signal=null&gt;
  - [pid=3367] starting temporary directories cleanup
  - [pid=3367] finished temporary directories cleanup
  - [pid=3367] &lt;gracefully close end&gt;

Also teardown failed:
Error: Tried to take screenshot, but no page was open.</status>
</test>
<status status="FAIL" start="2026-06-07T21:24:02.462062" elapsed="0.217185"/>
</suite>
<suite id="s1-s5" name="Logout Test" source="/home/runner/work/robot-framework-automation/robot-framework-automation/tests/web/logout_test.robot">
<test id="s1-s5-t1" name="Valid Logout" line="7">
<kw name="Load Env" owner="EnvLoader">
<status status="PASS" start="2026-06-07T21:24:02.695002" elapsed="0.000342"/>
</kw>
<kw name="Get Env Variable" owner="EnvLoader">
<msg time="2026-06-07T21:24:02.695603" level="INFO">${username} = tomsmith</msg>
<var>${username}</var>
<arg>USERNAME</arg>
<status status="PASS" start="2026-06-07T21:24:02.695455" elapsed="0.000175"/>
</kw>
<kw name="Get Env Variable" owner="EnvLoader">
<msg time="2026-06-07T21:24:02.695833" level="INFO">${password} = SuperSecretPassword!</msg>
<var>${password}</var>
<arg>PASSWORD</arg>
<status status="PASS" start="2026-06-07T21:24:02.695713" elapsed="0.000140"/>
</kw>
<kw name="Open Browser Session" owner="browser_wrapper">
<kw name="New Browser" owner="Browser">
<msg time="2026-06-07T21:24:02.696754" level="INFO">{"browser": "chromium", "headless": false, "chromiumSandbox": false, "devtools": false, "handleSIGHUP": true, "handleSIGINT": true, "handleSIGTERM": true, "slowMo": 0.0, "timeout": 30000.0, "tracesDir": "/home/runner/work/robot-framework-automation/robot-framework-automation/results/browser/traces/temp/993e083b-7d0f-4a93-9800-9ca543e823a0"}</msg>
<msg time="2026-06-07T21:24:02.779964" level="INFO">Keyword 'Take Screenshot  fail-screenshot-{index}' could not be run on failure:
Error: Tried to take screenshot, but no page was open.</msg>
<msg time="2026-06-07T21:24:02.780076" level="INFO">See also file:///home/runner/work/robot-framework-automation/robot-framework-automation/results/playwright-log.txt for additional details.</msg>
<msg time="2026-06-07T21:24:02.780265" level="FAIL">Error: browserType.launch: Target page, context or browser has been closed
Browser logs:

╔════════════════════════════════════════════════════════════════════════════════════════════════╗
║ Looks like you launched a headed browser without having a XServer running.                     ║
║ Set either 'headless: true' or use 'xvfb-run &lt;your-playwright-app&gt;' before running Playwright. ║
║                                                                                                ║
║ &lt;3 Playwright Team                                                                             ║
╚════════════════════════════════════════════════════════════════════════════════════════════════╝
Call log:
  - &lt;launching&gt; /opt/hostedtoolcache/Python/3.11.15/x64/lib/python3.11/site-packages/Browser/wrapper/node_modules/playwright-core/.local-browsers/chromium-1223/chrome-linux64/chrome --disable-field-trial-config --disable-background-networking --disable-background-timer-throttling --disable-backgrounding-occluded-windows --disable-back-forward-cache --disable-breakpad --disable-client-side-phishing-detection --disable-component-extensions-with-background-pages --disable-component-update --no-default-browser-check --disable-default-apps --disable-dev-shm-usage --disable-edgeupdater --disable-extensions --disable-features=AvoidUnnecessaryBeforeUnloadCheckSync,BoundaryEventDispatchTracksNodeRemoval,DestroyProfileOnBrowserClose,DialMediaRouteProvider,GlobalMediaControls,HttpsUpgrades,LensOverlay,MediaRouter,PaintHolding,ThirdPartyStoragePartitioning,Translate,AutoDeElevate,RenderDocument,OptimizationHints,msForceBrowserSignIn,msEdgeUpdateLaunchServicesPreferredVersion --enable-features=CDPScreenshotNewSurface --allow-pre-commit-input --disable-hang-monitor --disable-ipc-flooding-protection --disable-popup-blocking --disable-prompt-on-repost --disable-renderer-backgrounding --force-color-profile=srgb --metrics-recording-only --no-first-run --password-store=basic --use-mock-keychain --no-service-autorun --export-tagged-pdf --disable-search-engine-choice-screen --unsafely-disable-devtools-self-xss-warnings --edge-skip-compat-layer-relaunch --disable-infobars --disable-search-engine-choice-screen --disable-sync --enable-unsafe-swiftshader --no-sandbox --user-data-dir=/tmp/playwright_chromiumdev_profile-BqBPm8 --remote-debugging-pipe --no-startup-window
  - &lt;launched&gt; pid=3388
  - [pid=3388][err] [3388:3388:0607/212402.766529:ERROR:ui/ozone/platform/x11/ozone_platform_x11.cc:257] Missing X server or $DISPLAY
  - [pid=3388][err] [3388:3388:0607/212402.766562:ERROR:ui/aura/env.cc:246] The platform failed to initialize.  Exiting.
  - [pid=3388] &lt;gracefully close start&gt;
  - [pid=3388] &lt;kill&gt;
  - [pid=3388] &lt;will force kill&gt;
  - [pid=3388] &lt;process did exit: exitCode=1, signal=null&gt;
  - [pid=3388] starting temporary directories cleanup
  - [pid=3388] finished temporary directories cleanup
  - [pid=3388] &lt;gracefully close end&gt;
</msg>
<arg>${browser}</arg>
<arg>headless=False</arg>
<tag>BrowserControl</tag>
<tag>Setter</tag>
<doc>Create a new playwright Browser with specified options.</doc>
<status status="FAIL" start="2026-06-07T21:24:02.696232" elapsed="0.084771">Error: browserType.launch: Target page, context or browser has been closed
Browser logs:

╔════════════════════════════════════════════════════════════════════════════════════════════════╗
║ Looks like you launched a headed browser without having a XServer running.                     ║
║ Set either 'headless: true' or use 'xvfb-run &lt;your-playwright-app&gt;' before running Playwright. ║
║                                                                                                ║
║ &lt;3 Playwright Team                                                                             ║
╚════════════════════════════════════════════════════════════════════════════════════════════════╝
Call log:
  - &lt;launching&gt; /opt/hostedtoolcache/Python/3.11.15/x64/lib/python3.11/site-packages/Browser/wrapper/node_modules/playwright-core/.local-browsers/chromium-1223/chrome-linux64/chrome --disable-field-trial-config --disable-background-networking --disable-background-timer-throttling --disable-backgrounding-occl...
    [ Message content over the limit has been removed. ]
...able-hang-monitor --disable-ipc-flooding-protection --disable-popup-blocking --disable-prompt-on-repost --disable-renderer-backgrounding --force-color-profile=srgb --metrics-recording-only --no-first-run --password-store=basic --use-mock-keychain --no-service-autorun --export-tagged-pdf --disable-search-engine-choice-screen --unsafely-disable-devtools-self-xss-warnings --edge-skip-compat-layer-relaunch --disable-infobars --disable-search-engine-choice-screen --disable-sync --enable-unsafe-swiftshader --no-sandbox --user-data-dir=/tmp/playwright_chromiumdev_profile-BqBPm8 --remote-debugging-pipe --no-startup-window
  - &lt;launched&gt; pid=3388
  - [pid=3388][err] [3388:3388:0607/212402.766529:ERROR:ui/ozone/platform/x11/ozone_platform_x11.cc:257] Missing X server or $DISPLAY
  - [pid=3388][err] [3388:3388:0607/212402.766562:ERROR:ui/aura/env.cc:246] The platform failed to initialize.  Exiting.
  - [pid=3388] &lt;gracefully close start&gt;
  - [pid=3388] &lt;kill&gt;
  - [pid=3388] &lt;will force kill&gt;
  - [pid=3388] &lt;process did exit: exitCode=1, signal=null&gt;
  - [pid=3388] starting temporary directories cleanup
  - [pid=3388] finished temporary directories cleanup
  - [pid=3388] &lt;gracefully close end&gt;</status>
</kw>
<kw name="New Context" owner="Browser">
<arg>viewport={'width': 1280, 'height': 720}</arg>
<tag>BrowserControl</tag>
<tag>Setter</tag>
<doc>Create a new BrowserContext with specified options.</doc>
<status status="NOT RUN" start="2026-06-07T21:24:02.781282" elapsed="0.000081"/>
</kw>
<status status="FAIL" start="2026-06-07T21:24:02.695979" elapsed="0.085524">Error: browserType.launch: Target page, context or browser has been closed
Browser logs:

╔════════════════════════════════════════════════════════════════════════════════════════════════╗
║ Looks like you launched a headed browser without having a XServer running.                     ║
║ Set either 'headless: true' or use 'xvfb-run &lt;your-playwright-app&gt;' before running Playwright. ║
║                                                                                                ║
║ &lt;3 Playwright Team                                                                             ║
╚════════════════════════════════════════════════════════════════════════════════════════════════╝
Call log:
  - &lt;launching&gt; /opt/hostedtoolcache/Python/3.11.15/x64/lib/python3.11/site-packages/Browser/wrapper/node_modules/playwright-core/.local-browsers/chromium-1223/chrome-linux64/chrome --disable-field-trial-config --disable-background-networking --disable-background-timer-throttling --disable-backgrounding-occl...
    [ Message content over the limit has been removed. ]
...able-hang-monitor --disable-ipc-flooding-protection --disable-popup-blocking --disable-prompt-on-repost --disable-renderer-backgrounding --force-color-profile=srgb --metrics-recording-only --no-first-run --password-store=basic --use-mock-keychain --no-service-autorun --export-tagged-pdf --disable-search-engine-choice-screen --unsafely-disable-devtools-self-xss-warnings --edge-skip-compat-layer-relaunch --disable-infobars --disable-search-engine-choice-screen --disable-sync --enable-unsafe-swiftshader --no-sandbox --user-data-dir=/tmp/playwright_chromiumdev_profile-BqBPm8 --remote-debugging-pipe --no-startup-window
  - &lt;launched&gt; pid=3388
  - [pid=3388][err] [3388:3388:0607/212402.766529:ERROR:ui/ozone/platform/x11/ozone_platform_x11.cc:257] Missing X server or $DISPLAY
  - [pid=3388][err] [3388:3388:0607/212402.766562:ERROR:ui/aura/env.cc:246] The platform failed to initialize.  Exiting.
  - [pid=3388] &lt;gracefully close start&gt;
  - [pid=3388] &lt;kill&gt;
  - [pid=3388] &lt;will force kill&gt;
  - [pid=3388] &lt;process did exit: exitCode=1, signal=null&gt;
  - [pid=3388] starting temporary directories cleanup
  - [pid=3388] finished temporary directories cleanup
  - [pid=3388] &lt;gracefully close end&gt;</status>
</kw>
<kw name="Login And Logout" owner="logout_keywords">
<arg>${username}</arg>
<arg>${password}</arg>
<status status="NOT RUN" start="2026-06-07T21:24:02.781703" elapsed="0.000057"/>
</kw>
<kw name="Logout Should Succeed" owner="logout_keywords">
<status status="NOT RUN" start="2026-06-07T21:24:02.781865" elapsed="0.000040"/>
</kw>
<kw name="Close Browser Session With Screenshot On Failure" owner="browser_wrapper" type="TEARDOWN">
<kw name="Run Keyword If Test Failed" owner="BuiltIn">
<kw name="Take Screenshot" owner="Browser">
<msg time="2026-06-07T21:24:02.787639" level="INFO">Keyword 'Take Screenshot  fail-screenshot-{index}' could not be run on failure:
Error: Tried to take screenshot, but no page was open.</msg>
<msg time="2026-06-07T21:24:02.787729" level="INFO">See also file:///home/runner/work/robot-framework-automation/robot-framework-automation/results/playwright-log.txt for additional details.</msg>
<msg time="2026-06-07T21:24:02.787832" level="FAIL">Error: Tried to take screenshot, but no page was open.</msg>
<arg>filename=FAIL-{index}</arg>
<tag>PageContent</tag>
<doc>Takes a screenshot of the current window or element and saves it to disk.</doc>
<status status="FAIL" start="2026-06-07T21:24:02.782713" elapsed="0.005712">Error: Tried to take screenshot, but no page was open.</status>
</kw>
<arg>Take Screenshot</arg>
<arg>filename=FAIL-{index}</arg>
<doc>Runs the given keyword with the given arguments, if the test failed.</doc>
<status status="FAIL" start="2026-06-07T21:24:02.782391" elapsed="0.006117">Error: Tried to take screenshot, but no page was open.</status>
</kw>
<kw name="Close Browser" owner="Browser">
<msg time="2026-06-07T21:24:02.790431" level="INFO">No browser open, doing nothing</msg>
<tag>BrowserControl</tag>
<tag>Setter</tag>
<doc>Closes the current browser.</doc>
<status status="PASS" start="2026-06-07T21:24:02.788625" elapsed="0.001893"/>
</kw>
<status status="FAIL" start="2026-06-07T21:24:02.782108" elapsed="0.008530">Error: Tried to take screenshot, but no page was open.</status>
</kw>
<status status="FAIL" start="2026-06-07T21:24:02.692342" elapsed="0.098360">Error: browserType.launch: Target page, context or browser has been closed
Browser logs:

╔════════════════════════════════════════════════════════════════════════════════════════════════╗
║ Looks like you launched a headed browser without having a XServer running.                     ║
║ Set either 'headless: true' or use 'xvfb-run &lt;your-playwright-app&gt;' before running Playwright. ║
║                                                                                                ║
║ &lt;3 Playwright Team                                                                             ║
╚════════════════════════════════════════════════════════════════════════════════════════════════╝
Call log:
  - &lt;launching&gt; /opt/hostedtoolcache/Python/3.11.15/x64/lib/python3.11/site-packages/Browser/wrapper/node_modules/playwright-core/.local-browsers/chromium-1223/chrome-linux64/chrome --disable-field-trial-config --disable-background-networking --disable-background-timer-throttling --disable-backgrounding-occl...
    [ Message content over the limit has been removed. ]
...able-hang-monitor --disable-ipc-flooding-protection --disable-popup-blocking --disable-prompt-on-repost --disable-renderer-backgrounding --force-color-profile=srgb --metrics-recording-only --no-first-run --password-store=basic --use-mock-keychain --no-service-autorun --export-tagged-pdf --disable-search-engine-choice-screen --unsafely-disable-devtools-self-xss-warnings --edge-skip-compat-layer-relaunch --disable-infobars --disable-search-engine-choice-screen --disable-sync --enable-unsafe-swiftshader --no-sandbox --user-data-dir=/tmp/playwright_chromiumdev_profile-BqBPm8 --remote-debugging-pipe --no-startup-window
  - &lt;launched&gt; pid=3388
  - [pid=3388][err] [3388:3388:0607/212402.766529:ERROR:ui/ozone/platform/x11/ozone_platform_x11.cc:257] Missing X server or $DISPLAY
  - [pid=3388][err] [3388:3388:0607/212402.766562:ERROR:ui/aura/env.cc:246] The platform failed to initialize.  Exiting.
  - [pid=3388] &lt;gracefully close start&gt;
  - [pid=3388] &lt;kill&gt;
  - [pid=3388] &lt;will force kill&gt;
  - [pid=3388] &lt;process did exit: exitCode=1, signal=null&gt;
  - [pid=3388] starting temporary directories cleanup
  - [pid=3388] finished temporary directories cleanup
  - [pid=3388] &lt;gracefully close end&gt;

Also teardown failed:
Error: Tried to take screenshot, but no page was open.</status>
</test>
<status status="FAIL" start="2026-06-07T21:24:02.683946" elapsed="0.111031"/>
</suite>
<status status="FAIL" start="2026-06-07T21:24:00.877339" elapsed="1.922572"/>
</suite>
<statistics>
<total>
<stat pass="0" fail="10" skip="0">All Tests</stat>
</total>
<tag>
</tag>
<suite>
<stat name="Web" id="s1" pass="0" fail="10" skip="0">Web</stat>
<stat name="Alerts Test" id="s1-s1" pass="0" fail="4" skip="0">Web.Alerts Test</stat>
<stat name="Checkboxes Test" id="s1-s2" pass="0" fail="2" skip="0">Web.Checkboxes Test</stat>
<stat name="Dynamic Content Test" id="s1-s3" pass="0" fail="1" skip="0">Web.Dynamic Content Test</stat>
<stat name="Login Test" id="s1-s4" pass="0" fail="2" skip="0">Web.Login Test</stat>
<stat name="Logout Test" id="s1-s5" pass="0" fail="1" skip="0">Web.Logout Test</stat>
</suite>
</statistics>
<errors>
</errors>
</robot>
