<?xml version="1.0" encoding="UTF-8"?>
<robot generator="Robot 7.4.2 (Python 3.11.15 on darwin)" generated="2026-06-07T16:11:43.514962" rpa="false" schemaversion="5">
<suite id="s1" name="Web" source="/Users/lheredia/gitStorage/robot-framework-automation/tests/web">
<suite id="s1-s1" name="Dynamic Content Test" source="/Users/lheredia/gitStorage/robot-framework-automation/tests/web/dynamic_content_test.robot">
<test id="s1-s1-t1" name="Dynamic Content Loads Successfully" line="6">
<kw name="Open Browser Session" owner="browser_wrapper">
<kw name="New Browser" owner="Browser">
<msg time="2026-06-07T16:11:43.923179" level="INFO">{"browser": "chromium", "headless": false, "chromiumSandbox": false, "devtools": false, "handleSIGHUP": true, "handleSIGINT": true, "handleSIGTERM": true, "slowMo": 0.0, "timeout": 30000.0, "tracesDir": "/Users/lheredia/gitStorage/robot-framework-automation/pabot_results/2/browser/traces/temp/d7ebc144-1b02-4b40-991e-caa41a9c2f3e"}</msg>
<msg time="2026-06-07T16:11:43.941665" level="INFO">Starting Browser process /Users/lheredia/gitStorage/robot-framework-automation/venv/lib/python3.11/site-packages/Browser/wrapper/index.js using at 127.0.0.1:58701</msg>
<msg time="2026-06-07T16:11:47.264829" level="INFO">Successfully created browser with options: {"browser":"chromium","headless":false,"chromiumSandbox":false,"devtools":false,"handleSIGHUP":true,"handleSIGINT":true,"handleSIGTERM":true,"slowMo":0,"timeout":30000,"tracesDir":"/Users/lheredia/gitStorage/robot-framework-automation/pabot_results/2/browser/traces/temp/d7ebc144-1b02-4b40-991e-caa41a9c2f3e"}</msg>
<arg>${browser}</arg>
<arg>headless=${HEADLESS}</arg>
<tag>BrowserControl</tag>
<tag>Setter</tag>
<doc>Create a new playwright Browser with specified options.</doc>
<status status="PASS" start="2026-06-07T16:11:43.922883" elapsed="3.342247"/>
</kw>
<kw name="New Context" owner="Browser">
<msg time="2026-06-07T16:11:47.267703" level="INFO">{
  "acceptDownloads": true,
  "bypassCSP": false,
  "forcedColors": "none",
  "ignoreHTTPSErrors": false,
  "javaScriptEnabled": true,
  "offline": false,
  "reducedMotion": "no-preference",
  "serviceWorkers": "allow",
  "viewport": {
    "width": 1280,
    "height": 720
  }
}</msg>
<msg time="2026-06-07T16:11:47.275518" level="INFO">Successfully created context. </msg>
<msg time="2026-06-07T16:11:47.275567" level="INFO">{'acceptDownloads': True, 'bypassCSP': False, 'forcedColors': 'none', 'ignoreHTTPSErrors': False, 'javaScriptEnabled': True, 'offline': False, 'reducedMotion': 'no-preference', 'serviceWorkers': 'allow', 'viewport': {'width': 1280, 'height': 720}}</msg>
<arg>viewport={'width': 1280, 'height': 720}</arg>
<tag>BrowserControl</tag>
<tag>Setter</tag>
<doc>Create a new BrowserContext with specified options.</doc>
<status status="PASS" start="2026-06-07T16:11:47.265547" elapsed="0.010065"/>
</kw>
<status status="PASS" start="2026-06-07T16:11:43.922561" elapsed="3.353139"/>
</kw>
<kw name="Load Dynamic Content And Verify" owner="dynamic_content_keywords">
<kw name="Open Dynamic Loading Page" owner="dynamic_content_page">
<kw name="New Page" owner="Browser">
<msg time="2026-06-07T16:11:48.449897" level="INFO">Successfully initialized new page object and opened url: https://the-internet.herokuapp.com/dynamic_loading/1</msg>
<arg>${DYNAMIC_URL}</arg>
<tag>BrowserControl</tag>
<tag>Setter</tag>
<doc>Open a new Page.</doc>
<status status="PASS" start="2026-06-07T16:11:47.276140" elapsed="1.174031"/>
</kw>
<status status="PASS" start="2026-06-07T16:11:47.276019" elapsed="1.174279"/>
</kw>
<kw name="Click Start Button" owner="dynamic_content_page">
<kw name="Click" owner="Browser">
<msg time="2026-06-07T16:11:48.451147" level="INFO">Clicks the element 'css=#start button'.</msg>
<arg>${START_BUTTON}</arg>
<tag>PageContent</tag>
<tag>Setter</tag>
<doc>Simulates mouse click on the element found by ``selector``.</doc>
<status status="PASS" start="2026-06-07T16:11:48.450787" elapsed="0.042453"/>
</kw>
<status status="PASS" start="2026-06-07T16:11:48.450467" elapsed="0.042909"/>
</kw>
<kw name="Wait For Loading To Finish" owner="dynamic_content_page">
<kw name="Wait For Elements State" owner="Browser">
<msg time="2026-06-07T16:11:53.825770" level="INFO">Waited for Element with selector id=loading at state hidden</msg>
<arg>${LOADING_SPINNER}</arg>
<arg>hidden</arg>
<arg>timeout=15s</arg>
<tag>PageContent</tag>
<tag>Wait</tag>
<doc>Waits for the element found by ``selector`` to satisfy state option.</doc>
<status status="PASS" start="2026-06-07T16:11:48.493881" elapsed="5.332160"/>
</kw>
<status status="PASS" start="2026-06-07T16:11:48.493553" elapsed="5.332654"/>
</kw>
<kw name="Wait For Elements State" owner="Browser">
<msg time="2026-06-07T16:11:53.830453" level="INFO">Waited for Element with selector id=finish at state visible</msg>
<arg>${FINISH_TEXT}</arg>
<arg>visible</arg>
<arg>timeout=10s</arg>
<tag>PageContent</tag>
<tag>Wait</tag>
<doc>Waits for the element found by ``selector`` to satisfy state option.</doc>
<status status="PASS" start="2026-06-07T16:11:53.826359" elapsed="0.004224"/>
</kw>
<kw name="Get Finish Text" owner="dynamic_content_page">
<kw name="Get Text" owner="Browser">
<msg time="2026-06-07T16:11:53.848442" level="INFO">Text: 'Hello World!'</msg>
<msg time="2026-06-07T16:11:53.848627" level="INFO">${text} = Hello World!</msg>
<var>${text}</var>
<arg>${FINISH_TEXT}</arg>
<tag>Assertion</tag>
<tag>Getter</tag>
<tag>PageContent</tag>
<doc>Returns text attribute of the element found by ``selector``.</doc>
<status status="PASS" start="2026-06-07T16:11:53.831098" elapsed="0.017550"/>
</kw>
<return>
<value>${text}</value>
<status status="PASS" start="2026-06-07T16:11:53.848747" elapsed="0.000158"/>
</return>
<msg time="2026-06-07T16:11:53.849070" level="INFO">${text} = Hello World!</msg>
<var>${text}</var>
<status status="PASS" start="2026-06-07T16:11:53.830825" elapsed="0.018267"/>
</kw>
<kw name="Should Contain" owner="BuiltIn">
<arg>${text}</arg>
<arg>Hello World!</arg>
<doc>Fails if ``container`` does not contain ``item`` one or more times.</doc>
<status status="PASS" start="2026-06-07T16:11:53.849245" elapsed="0.000672"/>
</kw>
<status status="PASS" start="2026-06-07T16:11:47.275837" elapsed="6.574164"/>
</kw>
<kw name="Close Browser Session With Screenshot On Failure" owner="browser_wrapper" type="TEARDOWN">
<kw name="Run Keyword If Test Failed" owner="BuiltIn">
<arg>Take Screenshot</arg>
<arg>filename=FAIL-{index}</arg>
<doc>Runs the given keyword with the given arguments, if the test failed.</doc>
<status status="PASS" start="2026-06-07T16:11:53.850503" elapsed="0.000248"/>
</kw>
<kw name="Close Browser" owner="Browser">
<msg time="2026-06-07T16:11:53.913954" level="INFO">Closed browser</msg>
<tag>BrowserControl</tag>
<tag>Setter</tag>
<doc>Closes the current browser.</doc>
<status status="PASS" start="2026-06-07T16:11:53.850831" elapsed="0.063334"/>
</kw>
<status status="PASS" start="2026-06-07T16:11:53.850239" elapsed="0.064064"/>
</kw>
<status status="PASS" start="2026-06-07T16:11:43.922265" elapsed="9.992111"/>
</test>
<status status="PASS" start="2026-06-07T16:11:43.527769" elapsed="10.390632"/>
</suite>
<status status="PASS" start="2026-06-07T16:11:43.515527" elapsed="10.404669"/>
</suite>
<statistics>
<total>
<stat pass="1" fail="0" skip="0">All Tests</stat>
</total>
<tag>
</tag>
<suite>
<stat name="Web" id="s1" pass="1" fail="0" skip="0">Web</stat>
<stat name="Dynamic Content Test" id="s1-s1" pass="1" fail="0" skip="0">Web.Dynamic Content Test</stat>
</suite>
</statistics>
<errors>
</errors>
</robot>
