<?xml version="1.0" encoding="UTF-8"?>
<robot generator="Robot 7.4.2 (Python 3.11.15 on darwin)" generated="2026-06-07T16:11:43.517064" rpa="false" schemaversion="5">
<suite id="s1" name="Web" source="/Users/lheredia/gitStorage/robot-framework-automation/tests/web">
<suite id="s1-s1" name="Alerts Test" source="/Users/lheredia/gitStorage/robot-framework-automation/tests/web/alerts_test.robot">
<test id="s1-s1-t1" name="Handle JS Alert" line="6">
<kw name="Open Browser Session" owner="browser_wrapper">
<kw name="New Browser" owner="Browser">
<msg time="2026-06-07T16:11:43.922809" level="INFO">{"browser": "chromium", "headless": false, "chromiumSandbox": false, "devtools": false, "handleSIGHUP": true, "handleSIGINT": true, "handleSIGTERM": true, "slowMo": 0.0, "timeout": 30000.0, "tracesDir": "/Users/lheredia/gitStorage/robot-framework-automation/pabot_results/0/browser/traces/temp/815dcff7-0630-4bc5-b1da-6a1cd4d3a97e"}</msg>
<msg time="2026-06-07T16:11:43.941670" level="INFO">Starting Browser process /Users/lheredia/gitStorage/robot-framework-automation/venv/lib/python3.11/site-packages/Browser/wrapper/index.js using at 127.0.0.1:58699</msg>
<msg time="2026-06-07T16:11:47.264682" level="INFO">Successfully created browser with options: {"browser":"chromium","headless":false,"chromiumSandbox":false,"devtools":false,"handleSIGHUP":true,"handleSIGINT":true,"handleSIGTERM":true,"slowMo":0,"timeout":30000,"tracesDir":"/Users/lheredia/gitStorage/robot-framework-automation/pabot_results/0/browser/traces/temp/815dcff7-0630-4bc5-b1da-6a1cd4d3a97e"}</msg>
<arg>${browser}</arg>
<arg>headless=${HEADLESS}</arg>
<tag>BrowserControl</tag>
<tag>Setter</tag>
<doc>Create a new playwright Browser with specified options.</doc>
<status status="PASS" start="2026-06-07T16:11:43.922513" elapsed="3.342361"/>
</kw>
<kw name="New Context" owner="Browser">
<msg time="2026-06-07T16:11:47.267435" level="INFO">{
  "acceptDownloads": true,
  "bypassCSP": false,
  "forcedColors": "none",
  "ignoreHTTPSErrors": false,
  "javaScriptEnabled": true,
  "offline": false,
  "reducedMotion": "no-preference",
  "serviceWorkers": "allow",
  "viewport": {
    "width": 1280,
    "height": 720
  }
}</msg>
<msg time="2026-06-07T16:11:47.275556" level="INFO">Successfully created context. </msg>
<msg time="2026-06-07T16:11:47.275600" level="INFO">{'acceptDownloads': True, 'bypassCSP': False, 'forcedColors': 'none', 'ignoreHTTPSErrors': False, 'javaScriptEnabled': True, 'offline': False, 'reducedMotion': 'no-preference', 'serviceWorkers': 'allow', 'viewport': {'width': 1280, 'height': 720}}</msg>
<arg>viewport={'width': 1280, 'height': 720}</arg>
<tag>BrowserControl</tag>
<tag>Setter</tag>
<doc>Create a new BrowserContext with specified options.</doc>
<status status="PASS" start="2026-06-07T16:11:47.265262" elapsed="0.010385"/>
</kw>
<status status="PASS" start="2026-06-07T16:11:43.922192" elapsed="3.353532"/>
</kw>
<kw name="Handle JS Alert" owner="alerts_keywords">
<kw name="Open Alerts Page" owner="alerts_page">
<kw name="New Page" owner="Browser">
<msg time="2026-06-07T16:11:48.971439" level="INFO">Successfully initialized new page object and opened url: https://the-internet.herokuapp.com/javascript_alerts</msg>
<arg>${ALERTS_URL}</arg>
<tag>BrowserControl</tag>
<tag>Setter</tag>
<doc>Open a new Page.</doc>
<status status="PASS" start="2026-06-07T16:11:47.276155" elapsed="1.695389"/>
</kw>
<status status="PASS" start="2026-06-07T16:11:47.276043" elapsed="1.695566"/>
</kw>
<kw name="Handle Future Dialogs" owner="Browser">
<arg>action=accept</arg>
<tag>PageContent</tag>
<doc>Handle next dialog on page with ``action``.</doc>
<status status="PASS" start="2026-06-07T16:11:48.971684" elapsed="0.001488"/>
</kw>
<kw name="Click JS Alert Button" owner="alerts_page">
<kw name="Click" owner="Browser">
<msg time="2026-06-07T16:11:48.973607" level="INFO">Clicks the element 'css=button[onclick="jsAlert()"]'.</msg>
<arg>${JS_ALERT_BTN}</arg>
<tag>PageContent</tag>
<tag>Setter</tag>
<doc>Simulates mouse click on the element found by ``selector``.</doc>
<status status="PASS" start="2026-06-07T16:11:48.973433" elapsed="0.103711"/>
</kw>
<status status="PASS" start="2026-06-07T16:11:48.973287" elapsed="0.103955"/>
</kw>
<kw name="Get Result Text" owner="alerts_page">
<kw name="Get Text" owner="Browser">
<msg time="2026-06-07T16:11:49.094224" level="INFO">Text: 'You successfully clicked an alert'</msg>
<msg time="2026-06-07T16:11:49.094382" level="INFO">${text} = You successfully clicked an alert</msg>
<var>${text}</var>
<arg>${RESULT_TEXT}</arg>
<tag>Assertion</tag>
<tag>Getter</tag>
<tag>PageContent</tag>
<doc>Returns text attribute of the element found by ``selector``.</doc>
<status status="PASS" start="2026-06-07T16:11:49.077719" elapsed="0.016684"/>
</kw>
<return>
<value>${text}</value>
<status status="PASS" start="2026-06-07T16:11:49.094501" elapsed="0.000135"/>
</return>
<msg time="2026-06-07T16:11:49.094756" level="INFO">${result} = You successfully clicked an alert</msg>
<var>${result}</var>
<status status="PASS" start="2026-06-07T16:11:49.077375" elapsed="0.017429"/>
</kw>
<kw name="Should Contain" owner="BuiltIn">
<arg>${result}</arg>
<arg>You successfully clicked an alert</arg>
<doc>Fails if ``container`` does not contain ``item`` one or more times.</doc>
<status status="PASS" start="2026-06-07T16:11:49.094929" elapsed="0.000443"/>
</kw>
<status status="PASS" start="2026-06-07T16:11:47.275858" elapsed="1.819569"/>
</kw>
<kw name="Close Browser Session With Screenshot On Failure" owner="browser_wrapper" type="TEARDOWN">
<kw name="Run Keyword If Test Failed" owner="BuiltIn">
<arg>Take Screenshot</arg>
<arg>filename=FAIL-{index}</arg>
<doc>Runs the given keyword with the given arguments, if the test failed.</doc>
<status status="PASS" start="2026-06-07T16:11:49.095871" elapsed="0.000238"/>
</kw>
<kw name="Close Browser" owner="Browser">
<msg time="2026-06-07T16:11:49.160398" level="INFO">Closed browser</msg>
<tag>BrowserControl</tag>
<tag>Setter</tag>
<doc>Closes the current browser.</doc>
<status status="PASS" start="2026-06-07T16:11:49.096187" elapsed="0.064295"/>
</kw>
<status status="PASS" start="2026-06-07T16:11:49.095627" elapsed="0.064917"/>
</kw>
<status status="PASS" start="2026-06-07T16:11:43.921900" elapsed="5.238677"/>
</test>
<test id="s1-s1-t2" name="Handle JS Confirm Accept" line="11">
<kw name="Open Browser Session" owner="browser_wrapper">
<kw name="New Browser" owner="Browser">
<msg time="2026-06-07T16:11:49.165521" level="INFO">{"browser": "chromium", "headless": false, "chromiumSandbox": false, "devtools": false, "handleSIGHUP": true, "handleSIGINT": true, "handleSIGTERM": true, "slowMo": 0.0, "timeout": 30000.0, "tracesDir": "/Users/lheredia/gitStorage/robot-framework-automation/pabot_results/0/browser/traces/temp/c094afa1-5fa0-4f37-8787-d693b4866fe2"}</msg>
<msg time="2026-06-07T16:11:49.392959" level="INFO">Successfully created browser with options: {"browser":"chromium","headless":false,"chromiumSandbox":false,"devtools":false,"handleSIGHUP":true,"handleSIGINT":true,"handleSIGTERM":true,"slowMo":0,"timeout":30000,"tracesDir":"/Users/lheredia/gitStorage/robot-framework-automation/pabot_results/0/browser/traces/temp/c094afa1-5fa0-4f37-8787-d693b4866fe2"}</msg>
<arg>${browser}</arg>
<arg>headless=${HEADLESS}</arg>
<tag>BrowserControl</tag>
<tag>Setter</tag>
<doc>Create a new playwright Browser with specified options.</doc>
<status status="PASS" start="2026-06-07T16:11:49.165141" elapsed="0.228232"/>
</kw>
<kw name="New Context" owner="Browser">
<msg time="2026-06-07T16:11:49.395623" level="INFO">{
  "acceptDownloads": true,
  "bypassCSP": false,
  "forcedColors": "none",
  "ignoreHTTPSErrors": false,
  "javaScriptEnabled": true,
  "offline": false,
  "reducedMotion": "no-preference",
  "serviceWorkers": "allow",
  "viewport": {
    "width": 1280,
    "height": 720
  }
}</msg>
<msg time="2026-06-07T16:11:49.400803" level="INFO">Successfully created context. </msg>
<msg time="2026-06-07T16:11:49.400919" level="INFO">{'acceptDownloads': True, 'bypassCSP': False, 'forcedColors': 'none', 'ignoreHTTPSErrors': False, 'javaScriptEnabled': True, 'offline': False, 'reducedMotion': 'no-preference', 'serviceWorkers': 'allow', 'viewport': {'width': 1280, 'height': 720}}</msg>
<arg>viewport={'width': 1280, 'height': 720}</arg>
<tag>BrowserControl</tag>
<tag>Setter</tag>
<doc>Create a new BrowserContext with specified options.</doc>
<status status="PASS" start="2026-06-07T16:11:49.393685" elapsed="0.007404"/>
</kw>
<status status="PASS" start="2026-06-07T16:11:49.164942" elapsed="0.236230"/>
</kw>
<kw name="Handle JS Confirm Accept" owner="alerts_keywords">
<kw name="Open Alerts Page" owner="alerts_page">
<kw name="New Page" owner="Browser">
<msg time="2026-06-07T16:11:50.474756" level="INFO">Successfully initialized new page object and opened url: https://the-internet.herokuapp.com/javascript_alerts</msg>
<arg>${ALERTS_URL}</arg>
<tag>BrowserControl</tag>
<tag>Setter</tag>
<doc>Open a new Page.</doc>
<status status="PASS" start="2026-06-07T16:11:49.401706" elapsed="1.073259"/>
</kw>
<status status="PASS" start="2026-06-07T16:11:49.401486" elapsed="1.073577"/>
</kw>
<kw name="Handle Future Dialogs" owner="Browser">
<arg>action=accept</arg>
<tag>PageContent</tag>
<doc>Handle next dialog on page with ``action``.</doc>
<status status="PASS" start="2026-06-07T16:11:50.475179" elapsed="0.001741"/>
</kw>
<kw name="Click JS Confirm Button" owner="alerts_page">
<kw name="Click" owner="Browser">
<msg time="2026-06-07T16:11:50.477502" level="INFO">Clicks the element 'css=button[onclick="jsConfirm()"]'.</msg>
<arg>${JS_CONFIRM_BTN}</arg>
<tag>PageContent</tag>
<tag>Setter</tag>
<doc>Simulates mouse click on the element found by ``selector``.</doc>
<status status="PASS" start="2026-06-07T16:11:50.477264" elapsed="0.078570"/>
</kw>
<status status="PASS" start="2026-06-07T16:11:50.477062" elapsed="0.078854"/>
</kw>
<kw name="Get Result Text" owner="alerts_page">
<kw name="Get Text" owner="Browser">
<msg time="2026-06-07T16:11:50.568104" level="INFO">Text: 'You clicked: Ok'</msg>
<msg time="2026-06-07T16:11:50.568192" level="INFO">${text} = You clicked: Ok</msg>
<var>${text}</var>
<arg>${RESULT_TEXT}</arg>
<tag>Assertion</tag>
<tag>Getter</tag>
<tag>PageContent</tag>
<doc>Returns text attribute of the element found by ``selector``.</doc>
<status status="PASS" start="2026-06-07T16:11:50.556251" elapsed="0.011952"/>
</kw>
<return>
<value>${text}</value>
<status status="PASS" start="2026-06-07T16:11:50.568261" elapsed="0.000079"/>
</return>
<msg time="2026-06-07T16:11:50.568405" level="INFO">${result} = You clicked: Ok</msg>
<var>${result}</var>
<status status="PASS" start="2026-06-07T16:11:50.556051" elapsed="0.012363"/>
</kw>
<kw name="Should Contain" owner="BuiltIn">
<arg>${result}</arg>
<arg>You clicked: Ok</arg>
<doc>Fails if ``container`` does not contain ``item`` one or more times.</doc>
<status status="PASS" start="2026-06-07T16:11:50.568475" elapsed="0.000170"/>
</kw>
<status status="PASS" start="2026-06-07T16:11:49.401297" elapsed="1.167372"/>
</kw>
<kw name="Close Browser Session With Screenshot On Failure" owner="browser_wrapper" type="TEARDOWN">
<kw name="Run Keyword If Test Failed" owner="BuiltIn">
<arg>Take Screenshot</arg>
<arg>filename=FAIL-{index}</arg>
<doc>Runs the given keyword with the given arguments, if the test failed.</doc>
<status status="PASS" start="2026-06-07T16:11:50.568867" elapsed="0.000088"/>
</kw>
<kw name="Close Browser" owner="Browser">
<msg time="2026-06-07T16:11:50.619687" level="INFO">Closed browser</msg>
<tag>BrowserControl</tag>
<tag>Setter</tag>
<doc>Closes the current browser.</doc>
<status status="PASS" start="2026-06-07T16:11:50.568992" elapsed="0.050908"/>
</kw>
<status status="PASS" start="2026-06-07T16:11:50.568761" elapsed="0.051256"/>
</kw>
<status status="PASS" start="2026-06-07T16:11:49.163645" elapsed="1.456417"/>
</test>
<test id="s1-s1-t3" name="Handle JS Confirm Dismiss" line="16">
<kw name="Open Browser Session" owner="browser_wrapper">
<kw name="New Browser" owner="Browser">
<msg time="2026-06-07T16:11:50.626416" level="INFO">{"browser": "chromium", "headless": false, "chromiumSandbox": false, "devtools": false, "handleSIGHUP": true, "handleSIGINT": true, "handleSIGTERM": true, "slowMo": 0.0, "timeout": 30000.0, "tracesDir": "/Users/lheredia/gitStorage/robot-framework-automation/pabot_results/0/browser/traces/temp/925a7bb6-6b0a-4670-b193-d4dfb68f159c"}</msg>
<msg time="2026-06-07T16:11:50.845402" level="INFO">Successfully created browser with options: {"browser":"chromium","headless":false,"chromiumSandbox":false,"devtools":false,"handleSIGHUP":true,"handleSIGINT":true,"handleSIGTERM":true,"slowMo":0,"timeout":30000,"tracesDir":"/Users/lheredia/gitStorage/robot-framework-automation/pabot_results/0/browser/traces/temp/925a7bb6-6b0a-4670-b193-d4dfb68f159c"}</msg>
<arg>${browser}</arg>
<arg>headless=${HEADLESS}</arg>
<tag>BrowserControl</tag>
<tag>Setter</tag>
<doc>Create a new playwright Browser with specified options.</doc>
<status status="PASS" start="2026-06-07T16:11:50.625840" elapsed="0.219837"/>
</kw>
<kw name="New Context" owner="Browser">
<msg time="2026-06-07T16:11:50.848114" level="INFO">{
  "acceptDownloads": true,
  "bypassCSP": false,
  "forcedColors": "none",
  "ignoreHTTPSErrors": false,
  "javaScriptEnabled": true,
  "offline": false,
  "reducedMotion": "no-preference",
  "serviceWorkers": "allow",
  "viewport": {
    "width": 1280,
    "height": 720
  }
}</msg>
<msg time="2026-06-07T16:11:50.852281" level="INFO">Successfully created context. </msg>
<msg time="2026-06-07T16:11:50.852325" level="INFO">{'acceptDownloads': True, 'bypassCSP': False, 'forcedColors': 'none', 'ignoreHTTPSErrors': False, 'javaScriptEnabled': True, 'offline': False, 'reducedMotion': 'no-preference', 'serviceWorkers': 'allow', 'viewport': {'width': 1280, 'height': 720}}</msg>
<arg>viewport={'width': 1280, 'height': 720}</arg>
<tag>BrowserControl</tag>
<tag>Setter</tag>
<doc>Create a new BrowserContext with specified options.</doc>
<status status="PASS" start="2026-06-07T16:11:50.846078" elapsed="0.006285"/>
</kw>
<status status="PASS" start="2026-06-07T16:11:50.625603" elapsed="0.226819"/>
</kw>
<kw name="Handle JS Confirm Dismiss" owner="alerts_keywords">
<kw name="Open Alerts Page" owner="alerts_page">
<kw name="New Page" owner="Browser">
<msg time="2026-06-07T16:11:51.858769" level="INFO">Successfully initialized new page object and opened url: https://the-internet.herokuapp.com/javascript_alerts</msg>
<arg>${ALERTS_URL}</arg>
<tag>BrowserControl</tag>
<tag>Setter</tag>
<doc>Open a new Page.</doc>
<status status="PASS" start="2026-06-07T16:11:50.853054" elapsed="1.005904"/>
</kw>
<status status="PASS" start="2026-06-07T16:11:50.852805" elapsed="1.006247"/>
</kw>
<kw name="Handle Future Dialogs" owner="Browser">
<arg>action=dismiss</arg>
<tag>PageContent</tag>
<doc>Handle next dialog on page with ``action``.</doc>
<status status="PASS" start="2026-06-07T16:11:51.859157" elapsed="0.001762"/>
</kw>
<kw name="Click JS Confirm Button" owner="alerts_page">
<kw name="Click" owner="Browser">
<msg time="2026-06-07T16:11:51.861533" level="INFO">Clicks the element 'css=button[onclick="jsConfirm()"]'.</msg>
<arg>${JS_CONFIRM_BTN}</arg>
<tag>PageContent</tag>
<tag>Setter</tag>
<doc>Simulates mouse click on the element found by ``selector``.</doc>
<status status="PASS" start="2026-06-07T16:11:51.861294" elapsed="0.082296"/>
</kw>
<status status="PASS" start="2026-06-07T16:11:51.861092" elapsed="0.082713"/>
</kw>
<kw name="Get Result Text" owner="alerts_page">
<kw name="Get Text" owner="Browser">
<msg time="2026-06-07T16:11:51.955744" level="INFO">Text: 'You clicked: Cancel'</msg>
<msg time="2026-06-07T16:11:51.955909" level="INFO">${text} = You clicked: Cancel</msg>
<var>${text}</var>
<arg>${RESULT_TEXT}</arg>
<tag>Assertion</tag>
<tag>Getter</tag>
<tag>PageContent</tag>
<doc>Returns text attribute of the element found by ``selector``.</doc>
<status status="PASS" start="2026-06-07T16:11:51.944298" elapsed="0.011659"/>
</kw>
<return>
<value>${text}</value>
<status status="PASS" start="2026-06-07T16:11:51.956138" elapsed="0.000129"/>
</return>
<msg time="2026-06-07T16:11:51.956353" level="INFO">${result} = You clicked: Cancel</msg>
<var>${result}</var>
<status status="PASS" start="2026-06-07T16:11:51.944060" elapsed="0.012305"/>
</kw>
<kw name="Should Contain" owner="BuiltIn">
<arg>${result}</arg>
<arg>You clicked: Cancel</arg>
<doc>Fails if ``container`` does not contain ``item`` one or more times.</doc>
<status status="PASS" start="2026-06-07T16:11:51.956446" elapsed="0.000175"/>
</kw>
<status status="PASS" start="2026-06-07T16:11:50.852522" elapsed="1.104181"/>
</kw>
<kw name="Close Browser Session With Screenshot On Failure" owner="browser_wrapper" type="TEARDOWN">
<kw name="Run Keyword If Test Failed" owner="BuiltIn">
<arg>Take Screenshot</arg>
<arg>filename=FAIL-{index}</arg>
<doc>Runs the given keyword with the given arguments, if the test failed.</doc>
<status status="PASS" start="2026-06-07T16:11:51.956922" elapsed="0.000090"/>
</kw>
<kw name="Close Browser" owner="Browser">
<msg time="2026-06-07T16:11:52.019071" level="INFO">Closed browser</msg>
<tag>BrowserControl</tag>
<tag>Setter</tag>
<doc>Closes the current browser.</doc>
<status status="PASS" start="2026-06-07T16:11:51.957049" elapsed="0.062163"/>
</kw>
<status status="PASS" start="2026-06-07T16:11:51.956801" elapsed="0.062485"/>
</kw>
<status status="PASS" start="2026-06-07T16:11:50.623793" elapsed="1.395530"/>
</test>
<test id="s1-s1-t4" name="Handle JS Prompt With Text" line="21">
<kw name="Open Browser Session" owner="browser_wrapper">
<kw name="New Browser" owner="Browser">
<msg time="2026-06-07T16:11:52.025544" level="INFO">{"browser": "chromium", "headless": false, "chromiumSandbox": false, "devtools": false, "handleSIGHUP": true, "handleSIGINT": true, "handleSIGTERM": true, "slowMo": 0.0, "timeout": 30000.0, "tracesDir": "/Users/lheredia/gitStorage/robot-framework-automation/pabot_results/0/browser/traces/temp/a7f34dbd-045a-4540-8eb6-0674871e6b20"}</msg>
<msg time="2026-06-07T16:11:52.208399" level="INFO">Successfully created browser with options: {"browser":"chromium","headless":false,"chromiumSandbox":false,"devtools":false,"handleSIGHUP":true,"handleSIGINT":true,"handleSIGTERM":true,"slowMo":0,"timeout":30000,"tracesDir":"/Users/lheredia/gitStorage/robot-framework-automation/pabot_results/0/browser/traces/temp/a7f34dbd-045a-4540-8eb6-0674871e6b20"}</msg>
<arg>${browser}</arg>
<arg>headless=${HEADLESS}</arg>
<tag>BrowserControl</tag>
<tag>Setter</tag>
<doc>Create a new playwright Browser with specified options.</doc>
<status status="PASS" start="2026-06-07T16:11:52.025187" elapsed="0.183635"/>
</kw>
<kw name="New Context" owner="Browser">
<msg time="2026-06-07T16:11:52.211350" level="INFO">{
  "acceptDownloads": true,
  "bypassCSP": false,
  "forcedColors": "none",
  "ignoreHTTPSErrors": false,
  "javaScriptEnabled": true,
  "offline": false,
  "reducedMotion": "no-preference",
  "serviceWorkers": "allow",
  "viewport": {
    "width": 1280,
    "height": 720
  }
}</msg>
<msg time="2026-06-07T16:11:52.216278" level="INFO">Successfully created context. </msg>
<msg time="2026-06-07T16:11:52.216323" level="INFO">{'acceptDownloads': True, 'bypassCSP': False, 'forcedColors': 'none', 'ignoreHTTPSErrors': False, 'javaScriptEnabled': True, 'offline': False, 'reducedMotion': 'no-preference', 'serviceWorkers': 'allow', 'viewport': {'width': 1280, 'height': 720}}</msg>
<arg>viewport={'width': 1280, 'height': 720}</arg>
<tag>BrowserControl</tag>
<tag>Setter</tag>
<doc>Create a new BrowserContext with specified options.</doc>
<status status="PASS" start="2026-06-07T16:11:52.209147" elapsed="0.007213"/>
</kw>
<status status="PASS" start="2026-06-07T16:11:52.024969" elapsed="0.191457"/>
</kw>
<kw name="Handle JS Prompt" owner="alerts_keywords">
<kw name="Open Alerts Page" owner="alerts_page">
<kw name="New Page" owner="Browser">
<msg time="2026-06-07T16:11:53.199865" level="INFO">Successfully initialized new page object and opened url: https://the-internet.herokuapp.com/javascript_alerts</msg>
<arg>${ALERTS_URL}</arg>
<tag>BrowserControl</tag>
<tag>Setter</tag>
<doc>Open a new Page.</doc>
<status status="PASS" start="2026-06-07T16:11:52.217150" elapsed="0.982903"/>
</kw>
<status status="PASS" start="2026-06-07T16:11:52.216932" elapsed="0.983209"/>
</kw>
<kw name="Handle Future Dialogs" owner="Browser">
<arg>action=accept</arg>
<arg>prompt_input=${text}</arg>
<tag>PageContent</tag>
<doc>Handle next dialog on page with ``action``.</doc>
<status status="PASS" start="2026-06-07T16:11:53.200254" elapsed="0.001443"/>
</kw>
<kw name="Click JS Prompt Button" owner="alerts_page">
<kw name="Click" owner="Browser">
<msg time="2026-06-07T16:11:53.202115" level="INFO">Clicks the element 'css=button[onclick="jsPrompt()"]'.</msg>
<arg>${JS_PROMPT_BTN}</arg>
<tag>PageContent</tag>
<tag>Setter</tag>
<doc>Simulates mouse click on the element found by ``selector``.</doc>
<status status="PASS" start="2026-06-07T16:11:53.201946" elapsed="0.070350"/>
</kw>
<status status="PASS" start="2026-06-07T16:11:53.201795" elapsed="0.070563"/>
</kw>
<kw name="Get Result Text" owner="alerts_page">
<kw name="Get Text" owner="Browser">
<msg time="2026-06-07T16:11:53.282771" level="INFO">Text: 'You entered: Hello Robot!'</msg>
<msg time="2026-06-07T16:11:53.282861" level="INFO">${text} = You entered: Hello Robot!</msg>
<var>${text}</var>
<arg>${RESULT_TEXT}</arg>
<tag>Assertion</tag>
<tag>Getter</tag>
<tag>PageContent</tag>
<doc>Returns text attribute of the element found by ``selector``.</doc>
<status status="PASS" start="2026-06-07T16:11:53.272735" elapsed="0.010141"/>
</kw>
<return>
<value>${text}</value>
<status status="PASS" start="2026-06-07T16:11:53.282924" elapsed="0.000073"/>
</return>
<msg time="2026-06-07T16:11:53.283059" level="INFO">${result} = You entered: Hello Robot!</msg>
<var>${result}</var>
<status status="PASS" start="2026-06-07T16:11:53.272461" elapsed="0.010606"/>
</kw>
<kw name="Should Contain" owner="BuiltIn">
<arg>${result}</arg>
<arg>You entered: ${text}</arg>
<doc>Fails if ``container`` does not contain ``item`` one or more times.</doc>
<status status="PASS" start="2026-06-07T16:11:53.283126" elapsed="0.000183"/>
</kw>
<arg>Hello Robot!</arg>
<status status="PASS" start="2026-06-07T16:11:52.216591" elapsed="1.066743"/>
</kw>
<kw name="Close Browser Session With Screenshot On Failure" owner="browser_wrapper" type="TEARDOWN">
<kw name="Run Keyword If Test Failed" owner="BuiltIn">
<arg>Take Screenshot</arg>
<arg>filename=FAIL-{index}</arg>
<doc>Runs the given keyword with the given arguments, if the test failed.</doc>
<status status="PASS" start="2026-06-07T16:11:53.283511" elapsed="0.000092"/>
</kw>
<kw name="Close Browser" owner="Browser">
<msg time="2026-06-07T16:11:53.335921" level="INFO">Closed browser</msg>
<tag>BrowserControl</tag>
<tag>Setter</tag>
<doc>Closes the current browser.</doc>
<status status="PASS" start="2026-06-07T16:11:53.283638" elapsed="0.052368"/>
</kw>
<status status="PASS" start="2026-06-07T16:11:53.283413" elapsed="0.052654"/>
</kw>
<status status="PASS" start="2026-06-07T16:11:52.023522" elapsed="1.312573"/>
</test>
<status status="PASS" start="2026-06-07T16:11:43.529691" elapsed="9.808777"/>
</suite>
<status status="PASS" start="2026-06-07T16:11:43.517562" elapsed="9.822787"/>
</suite>
<statistics>
<total>
<stat pass="4" fail="0" skip="0">All Tests</stat>
</total>
<tag>
</tag>
<suite>
<stat name="Web" id="s1" pass="4" fail="0" skip="0">Web</stat>
<stat name="Alerts Test" id="s1-s1" pass="4" fail="0" skip="0">Web.Alerts Test</stat>
</suite>
</statistics>
<errors>
</errors>
</robot>
