<?xml version="1.0" encoding="UTF-8"?>
<robot generator="Robot 7.4.2 (Python 3.11.15 on darwin)" generated="2026-06-07T16:11:51.017527" rpa="false" schemaversion="5">
<suite id="s1" name="Web" source="/Users/lheredia/gitStorage/robot-framework-automation/tests/web">
<suite id="s1-s1" name="Login Test" source="/Users/lheredia/gitStorage/robot-framework-automation/tests/web/login_test.robot">
<test id="s1-s1-t1" name="Valid Login" line="7">
<kw name="Load Env" owner="EnvLoader">
<status status="PASS" start="2026-06-07T16:11:51.111914" elapsed="0.000568"/>
</kw>
<kw name="Get Env Variable" owner="EnvLoader">
<msg time="2026-06-07T16:11:51.112667" level="INFO">${username} = tomsmith</msg>
<var>${username}</var>
<arg>USERNAME</arg>
<status status="PASS" start="2026-06-07T16:11:51.112556" elapsed="0.000136"/>
</kw>
<kw name="Get Env Variable" owner="EnvLoader">
<msg time="2026-06-07T16:11:51.112848" level="INFO">${password} = SuperSecretPassword!</msg>
<var>${password}</var>
<arg>PASSWORD</arg>
<status status="PASS" start="2026-06-07T16:11:51.112751" elapsed="0.000110"/>
</kw>
<kw name="Open Browser Session" owner="browser_wrapper">
<kw name="New Browser" owner="Browser">
<msg time="2026-06-07T16:11:51.113531" level="INFO">{"browser": "chromium", "headless": false, "chromiumSandbox": false, "devtools": false, "handleSIGHUP": true, "handleSIGINT": true, "handleSIGTERM": true, "slowMo": 0.0, "timeout": 30000.0, "tracesDir": "/Users/lheredia/gitStorage/robot-framework-automation/pabot_results/3/browser/traces/temp/be402aee-a04f-4286-a33f-6711be07f614"}</msg>
<msg time="2026-06-07T16:11:51.129497" level="INFO">Starting Browser process /Users/lheredia/gitStorage/robot-framework-automation/venv/lib/python3.11/site-packages/Browser/wrapper/index.js using at 127.0.0.1:58852</msg>
<msg time="2026-06-07T16:11:52.678550" level="INFO">Successfully created browser with options: {"browser":"chromium","headless":false,"chromiumSandbox":false,"devtools":false,"handleSIGHUP":true,"handleSIGINT":true,"handleSIGTERM":true,"slowMo":0,"timeout":30000,"tracesDir":"/Users/lheredia/gitStorage/robot-framework-automation/pabot_results/3/browser/traces/temp/be402aee-a04f-4286-a33f-6711be07f614"}</msg>
<arg>${browser}</arg>
<arg>headless=${HEADLESS}</arg>
<tag>BrowserControl</tag>
<tag>Setter</tag>
<doc>Create a new playwright Browser with specified options.</doc>
<status status="PASS" start="2026-06-07T16:11:51.113179" elapsed="1.565713"/>
</kw>
<kw name="New Context" owner="Browser">
<msg time="2026-06-07T16:11:52.681261" level="INFO">{
  "acceptDownloads": true,
  "bypassCSP": false,
  "forcedColors": "none",
  "ignoreHTTPSErrors": false,
  "javaScriptEnabled": true,
  "offline": false,
  "reducedMotion": "no-preference",
  "serviceWorkers": "allow",
  "viewport": {
    "width": 1280,
    "height": 720
  }
}</msg>
<msg time="2026-06-07T16:11:52.690049" level="INFO">Successfully created context. </msg>
<msg time="2026-06-07T16:11:52.690095" level="INFO">{'acceptDownloads': True, 'bypassCSP': False, 'forcedColors': 'none', 'ignoreHTTPSErrors': False, 'javaScriptEnabled': True, 'offline': False, 'reducedMotion': 'no-preference', 'serviceWorkers': 'allow', 'viewport': {'width': 1280, 'height': 720}}</msg>
<arg>viewport={'width': 1280, 'height': 720}</arg>
<tag>BrowserControl</tag>
<tag>Setter</tag>
<doc>Create a new BrowserContext with specified options.</doc>
<status status="PASS" start="2026-06-07T16:11:52.679436" elapsed="0.010700"/>
</kw>
<status status="PASS" start="2026-06-07T16:11:51.113011" elapsed="1.577210"/>
</kw>
<kw name="Login With Valid Credentials" owner="login_keywords">
<kw name="Open Login Page" owner="login_page">
<kw name="New Page" owner="Browser">
<msg time="2026-06-07T16:11:53.764370" level="INFO">Successfully initialized new page object and opened url: https://the-internet.herokuapp.com/login</msg>
<arg>${LOGIN_URL}</arg>
<tag>BrowserControl</tag>
<tag>Setter</tag>
<doc>Open a new Page.</doc>
<status status="PASS" start="2026-06-07T16:11:52.690738" elapsed="1.073798"/>
</kw>
<status status="PASS" start="2026-06-07T16:11:52.690631" elapsed="1.074017"/>
</kw>
<kw name="Enter Username" owner="login_page">
<kw name="Fill Text" owner="Browser">
<msg time="2026-06-07T16:11:53.765523" level="INFO">Fills the text 'tomsmith' in the given field.</msg>
<arg>${USERNAME_FIELD}</arg>
<arg>${username}</arg>
<tag>PageContent</tag>
<tag>Setter</tag>
<doc>Clears and fills the given ``txt`` into the text field found by ``selector``.</doc>
<status status="PASS" start="2026-06-07T16:11:53.765176" elapsed="0.020095"/>
</kw>
<arg>${username}</arg>
<status status="PASS" start="2026-06-07T16:11:53.764822" elapsed="0.020528"/>
</kw>
<kw name="Enter Password" owner="login_page">
<kw name="Fill Text" owner="Browser">
<msg time="2026-06-07T16:11:53.785850" level="INFO">Fills the text 'SuperSecretPassword!' in the given field.</msg>
<arg>${PASSWORD_FIELD}</arg>
<arg>${password}</arg>
<tag>PageContent</tag>
<tag>Setter</tag>
<doc>Clears and fills the given ``txt`` into the text field found by ``selector``.</doc>
<status status="PASS" start="2026-06-07T16:11:53.785645" elapsed="0.024761"/>
</kw>
<arg>${password}</arg>
<status status="PASS" start="2026-06-07T16:11:53.785450" elapsed="0.025082"/>
</kw>
<kw name="Click Login Button" owner="login_page">
<kw name="Click" owner="Browser">
<msg time="2026-06-07T16:11:53.811369" level="INFO">Clicks the element 'css=button[type="submit"]'.</msg>
<arg>${LOGIN_BUTTON}</arg>
<tag>PageContent</tag>
<tag>Setter</tag>
<doc>Simulates mouse click on the element found by ``selector``.</doc>
<status status="PASS" start="2026-06-07T16:11:53.811026" elapsed="0.249445"/>
</kw>
<status status="PASS" start="2026-06-07T16:11:53.810707" elapsed="0.249905"/>
</kw>
<arg>${username}</arg>
<arg>${password}</arg>
<status status="PASS" start="2026-06-07T16:11:52.690400" elapsed="1.370248"/>
</kw>
<kw name="Login Should Succeed" owner="login_keywords">
<kw name="Wait For Elements State" owner="Browser">
<msg time="2026-06-07T16:11:54.075541" level="INFO">Waited for Element with selector h2 at state visible</msg>
<arg>h2</arg>
<arg>visible</arg>
<arg>timeout=10s</arg>
<tag>PageContent</tag>
<tag>Wait</tag>
<doc>Waits for the element found by ``selector`` to satisfy state option.</doc>
<status status="PASS" start="2026-06-07T16:11:54.060976" elapsed="0.014691"/>
</kw>
<kw name="Get Text" owner="Browser">
<msg time="2026-06-07T16:11:54.089156" level="INFO">Text: 'Secure Area'</msg>
<arg>h2</arg>
<arg>==</arg>
<arg>Secure Area</arg>
<tag>Assertion</tag>
<tag>Getter</tag>
<tag>PageContent</tag>
<doc>Returns text attribute of the element found by ``selector``.</doc>
<status status="PASS" start="2026-06-07T16:11:54.075931" elapsed="0.013294"/>
</kw>
<status status="PASS" start="2026-06-07T16:11:54.060775" elapsed="0.028513"/>
</kw>
<kw name="Close Browser Session With Screenshot On Failure" owner="browser_wrapper" type="TEARDOWN">
<kw name="Run Keyword If Test Failed" owner="BuiltIn">
<arg>Take Screenshot</arg>
<arg>filename=FAIL-{index}</arg>
<doc>Runs the given keyword with the given arguments, if the test failed.</doc>
<status status="PASS" start="2026-06-07T16:11:54.089623" elapsed="0.000184"/>
</kw>
<kw name="Close Browser" owner="Browser">
<msg time="2026-06-07T16:11:54.152252" level="INFO">Closed browser</msg>
<tag>BrowserControl</tag>
<tag>Setter</tag>
<doc>Closes the current browser.</doc>
<status status="PASS" start="2026-06-07T16:11:54.089856" elapsed="0.062581"/>
</kw>
<status status="PASS" start="2026-06-07T16:11:54.089432" elapsed="0.063118"/>
</kw>
<status status="PASS" start="2026-06-07T16:11:51.111489" elapsed="3.041111"/>
</test>
<test id="s1-s1-t2" name="Invalid Login" line="16">
<kw name="Open Browser Session" owner="browser_wrapper">
<kw name="New Browser" owner="Browser">
<msg time="2026-06-07T16:11:54.162572" level="INFO">{"browser": "chromium", "headless": false, "chromiumSandbox": false, "devtools": false, "handleSIGHUP": true, "handleSIGINT": true, "handleSIGTERM": true, "slowMo": 0.0, "timeout": 30000.0, "tracesDir": "/Users/lheredia/gitStorage/robot-framework-automation/pabot_results/3/browser/traces/temp/cb86cc66-e911-4213-bfe8-364dd6e8ce0e"}</msg>
<msg time="2026-06-07T16:11:54.358719" level="INFO">Successfully created browser with options: {"browser":"chromium","headless":false,"chromiumSandbox":false,"devtools":false,"handleSIGHUP":true,"handleSIGINT":true,"handleSIGTERM":true,"slowMo":0,"timeout":30000,"tracesDir":"/Users/lheredia/gitStorage/robot-framework-automation/pabot_results/3/browser/traces/temp/cb86cc66-e911-4213-bfe8-364dd6e8ce0e"}</msg>
<arg>${browser}</arg>
<arg>headless=${HEADLESS}</arg>
<tag>BrowserControl</tag>
<tag>Setter</tag>
<doc>Create a new playwright Browser with specified options.</doc>
<status status="PASS" start="2026-06-07T16:11:54.161670" elapsed="0.197301"/>
</kw>
<kw name="New Context" owner="Browser">
<msg time="2026-06-07T16:11:54.360388" level="INFO">{
  "acceptDownloads": true,
  "bypassCSP": false,
  "forcedColors": "none",
  "ignoreHTTPSErrors": false,
  "javaScriptEnabled": true,
  "offline": false,
  "reducedMotion": "no-preference",
  "serviceWorkers": "allow",
  "viewport": {
    "width": 1280,
    "height": 720
  }
}</msg>
<msg time="2026-06-07T16:11:54.365460" level="INFO">Successfully created context. </msg>
<msg time="2026-06-07T16:11:54.365504" level="INFO">{'acceptDownloads': True, 'bypassCSP': False, 'forcedColors': 'none', 'ignoreHTTPSErrors': False, 'javaScriptEnabled': True, 'offline': False, 'reducedMotion': 'no-preference', 'serviceWorkers': 'allow', 'viewport': {'width': 1280, 'height': 720}}</msg>
<arg>viewport={'width': 1280, 'height': 720}</arg>
<tag>BrowserControl</tag>
<tag>Setter</tag>
<doc>Create a new BrowserContext with specified options.</doc>
<status status="PASS" start="2026-06-07T16:11:54.359243" elapsed="0.006299"/>
</kw>
<status status="PASS" start="2026-06-07T16:11:54.161065" elapsed="0.204529"/>
</kw>
<kw name="Login With Valid Credentials" owner="login_keywords">
<kw name="Open Login Page" owner="login_page">
<kw name="New Page" owner="Browser">
<msg time="2026-06-07T16:11:55.434700" level="INFO">Successfully initialized new page object and opened url: https://the-internet.herokuapp.com/login</msg>
<arg>${LOGIN_URL}</arg>
<tag>BrowserControl</tag>
<tag>Setter</tag>
<doc>Open a new Page.</doc>
<status status="PASS" start="2026-06-07T16:11:54.366308" elapsed="1.068516"/>
</kw>
<status status="PASS" start="2026-06-07T16:11:54.366039" elapsed="1.068859"/>
</kw>
<kw name="Enter Username" owner="login_page">
<kw name="Fill Text" owner="Browser">
<msg time="2026-06-07T16:11:55.435503" level="INFO">Fills the text 'wronguser' in the given field.</msg>
<arg>${USERNAME_FIELD}</arg>
<arg>${username}</arg>
<tag>PageContent</tag>
<tag>Setter</tag>
<doc>Clears and fills the given ``txt`` into the text field found by ``selector``.</doc>
<status status="PASS" start="2026-06-07T16:11:55.435257" elapsed="0.011890"/>
</kw>
<arg>${username}</arg>
<status status="PASS" start="2026-06-07T16:11:55.435000" elapsed="0.012225"/>
</kw>
<kw name="Enter Password" owner="login_page">
<kw name="Fill Text" owner="Browser">
<msg time="2026-06-07T16:11:55.447966" level="INFO">Fills the text 'wrongpassword' in the given field.</msg>
<arg>${PASSWORD_FIELD}</arg>
<arg>${password}</arg>
<tag>PageContent</tag>
<tag>Setter</tag>
<doc>Clears and fills the given ``txt`` into the text field found by ``selector``.</doc>
<status status="PASS" start="2026-06-07T16:11:55.447747" elapsed="0.020218"/>
</kw>
<arg>${password}</arg>
<status status="PASS" start="2026-06-07T16:11:55.447494" elapsed="0.020601"/>
</kw>
<kw name="Click Login Button" owner="login_page">
<kw name="Click" owner="Browser">
<msg time="2026-06-07T16:11:55.469077" level="INFO">Clicks the element 'css=button[type="submit"]'.</msg>
<arg>${LOGIN_BUTTON}</arg>
<tag>PageContent</tag>
<tag>Setter</tag>
<doc>Simulates mouse click on the element found by ``selector``.</doc>
<status status="PASS" start="2026-06-07T16:11:55.468656" elapsed="0.200809"/>
</kw>
<status status="PASS" start="2026-06-07T16:11:55.468269" elapsed="0.201356"/>
</kw>
<arg>wronguser</arg>
<arg>wrongpassword</arg>
<status status="PASS" start="2026-06-07T16:11:54.365718" elapsed="1.303988"/>
</kw>
<kw name="Login Should Fail" owner="login_keywords">
<kw name="Get Flash Message" owner="login_page">
<kw name="Get Text" owner="Browser">
<msg time="2026-06-07T16:11:55.693157" level="INFO">Text: ' Your username is invalid!\n×'</msg>
<msg time="2026-06-07T16:11:55.693369" level="INFO">${message} =  Your username is invalid!
×</msg>
<var>${message}</var>
<arg>${ERROR_MESSAGE}</arg>
<tag>Assertion</tag>
<tag>Getter</tag>
<tag>PageContent</tag>
<doc>Returns text attribute of the element found by ``selector``.</doc>
<status status="PASS" start="2026-06-07T16:11:55.670248" elapsed="0.023147"/>
</kw>
<return>
<value>${message}</value>
<status status="PASS" start="2026-06-07T16:11:55.693515" elapsed="0.000135"/>
</return>
<msg time="2026-06-07T16:11:55.693740" level="INFO">${message} =  Your username is invalid!
×</msg>
<var>${message}</var>
<status status="PASS" start="2026-06-07T16:11:55.670090" elapsed="0.023661"/>
</kw>
<kw name="Should Contain" owner="BuiltIn">
<arg>${message}</arg>
<arg>Your username is invalid!</arg>
<doc>Fails if ``container`` does not contain ``item`` one or more times.</doc>
<status status="PASS" start="2026-06-07T16:11:55.693824" elapsed="0.000288"/>
</kw>
<status status="PASS" start="2026-06-07T16:11:55.669835" elapsed="0.024311"/>
</kw>
<kw name="Close Browser Session With Screenshot On Failure" owner="browser_wrapper" type="TEARDOWN">
<kw name="Run Keyword If Test Failed" owner="BuiltIn">
<arg>Take Screenshot</arg>
<arg>filename=FAIL-{index}</arg>
<doc>Runs the given keyword with the given arguments, if the test failed.</doc>
<status status="PASS" start="2026-06-07T16:11:55.694379" elapsed="0.000107"/>
</kw>
<kw name="Close Browser" owner="Browser">
<msg time="2026-06-07T16:11:55.746736" level="INFO">Closed browser</msg>
<tag>BrowserControl</tag>
<tag>Setter</tag>
<doc>Closes the current browser.</doc>
<status status="PASS" start="2026-06-07T16:11:55.694533" elapsed="0.052286"/>
</kw>
<status status="PASS" start="2026-06-07T16:11:55.694256" elapsed="0.052653"/>
</kw>
<status status="PASS" start="2026-06-07T16:11:54.157481" elapsed="1.589464"/>
</test>
<status status="PASS" start="2026-06-07T16:11:51.036665" elapsed="4.712780"/>
</suite>
<status status="PASS" start="2026-06-07T16:11:51.018703" elapsed="4.733189"/>
</suite>
<statistics>
<total>
<stat pass="2" fail="0" skip="0">All Tests</stat>
</total>
<tag>
</tag>
<suite>
<stat name="Web" id="s1" pass="2" fail="0" skip="0">Web</stat>
<stat name="Login Test" id="s1-s1" pass="2" fail="0" skip="0">Web.Login Test</stat>
</suite>
</statistics>
<errors>
</errors>
</robot>
