<?xml version="1.0" encoding="UTF-8"?>
<robot generator="Robot 7.4.2 (Python 3.11.15 on darwin)" generated="2026-06-07T16:11:53.676261" rpa="false" schemaversion="5">
<suite id="s1" name="Web" source="/Users/lheredia/gitStorage/robot-framework-automation/tests/web">
<suite id="s1-s1" name="Logout Test" source="/Users/lheredia/gitStorage/robot-framework-automation/tests/web/logout_test.robot">
<test id="s1-s1-t1" name="Valid Logout" line="7">
<kw name="Load Env" owner="EnvLoader">
<status status="PASS" start="2026-06-07T16:11:53.802927" elapsed="0.000418"/>
</kw>
<kw name="Get Env Variable" owner="EnvLoader">
<msg time="2026-06-07T16:11:53.803538" level="INFO">${username} = tomsmith</msg>
<var>${username}</var>
<arg>USERNAME</arg>
<status status="PASS" start="2026-06-07T16:11:53.803433" elapsed="0.000120"/>
</kw>
<kw name="Get Env Variable" owner="EnvLoader">
<msg time="2026-06-07T16:11:53.803811" level="INFO">${password} = SuperSecretPassword!</msg>
<var>${password}</var>
<arg>PASSWORD</arg>
<status status="PASS" start="2026-06-07T16:11:53.803646" elapsed="0.000191"/>
</kw>
<kw name="Open Browser Session" owner="browser_wrapper">
<kw name="New Browser" owner="Browser">
<msg time="2026-06-07T16:11:53.804712" level="INFO">{"browser": "chromium", "headless": false, "chromiumSandbox": false, "devtools": false, "handleSIGHUP": true, "handleSIGINT": true, "handleSIGTERM": true, "slowMo": 0.0, "timeout": 30000.0, "tracesDir": "/Users/lheredia/gitStorage/robot-framework-automation/pabot_results/4/browser/traces/temp/023b515b-e22a-489a-ad1e-6f360f252bd9"}</msg>
<msg time="2026-06-07T16:11:53.835978" level="INFO">Starting Browser process /Users/lheredia/gitStorage/robot-framework-automation/venv/lib/python3.11/site-packages/Browser/wrapper/index.js using at 127.0.0.1:58918</msg>
<msg time="2026-06-07T16:11:55.389717" level="INFO">Successfully created browser with options: {"browser":"chromium","headless":false,"chromiumSandbox":false,"devtools":false,"handleSIGHUP":true,"handleSIGINT":true,"handleSIGTERM":true,"slowMo":0,"timeout":30000,"tracesDir":"/Users/lheredia/gitStorage/robot-framework-automation/pabot_results/4/browser/traces/temp/023b515b-e22a-489a-ad1e-6f360f252bd9"}</msg>
<arg>${browser}</arg>
<arg>headless=${HEADLESS}</arg>
<tag>BrowserControl</tag>
<tag>Setter</tag>
<doc>Create a new playwright Browser with specified options.</doc>
<status status="PASS" start="2026-06-07T16:11:53.804241" elapsed="1.585759"/>
</kw>
<kw name="New Context" owner="Browser">
<msg time="2026-06-07T16:11:55.391664" level="INFO">{
  "acceptDownloads": true,
  "bypassCSP": false,
  "forcedColors": "none",
  "ignoreHTTPSErrors": false,
  "javaScriptEnabled": true,
  "offline": false,
  "reducedMotion": "no-preference",
  "serviceWorkers": "allow",
  "viewport": {
    "width": 1280,
    "height": 720
  }
}</msg>
<msg time="2026-06-07T16:11:55.397283" level="INFO">Successfully created context. </msg>
<msg time="2026-06-07T16:11:55.397323" level="INFO">{'acceptDownloads': True, 'bypassCSP': False, 'forcedColors': 'none', 'ignoreHTTPSErrors': False, 'javaScriptEnabled': True, 'offline': False, 'reducedMotion': 'no-preference', 'serviceWorkers': 'allow', 'viewport': {'width': 1280, 'height': 720}}</msg>
<arg>viewport={'width': 1280, 'height': 720}</arg>
<tag>BrowserControl</tag>
<tag>Setter</tag>
<doc>Create a new BrowserContext with specified options.</doc>
<status status="PASS" start="2026-06-07T16:11:55.390283" elapsed="0.007083"/>
</kw>
<status status="PASS" start="2026-06-07T16:11:53.803996" elapsed="1.593445"/>
</kw>
<kw name="Login And Logout" owner="logout_keywords">
<kw name="Open Login Page" owner="login_page">
<kw name="New Page" owner="Browser">
<msg time="2026-06-07T16:11:56.488086" level="INFO">Successfully initialized new page object and opened url: https://the-internet.herokuapp.com/login</msg>
<arg>${LOGIN_URL}</arg>
<tag>BrowserControl</tag>
<tag>Setter</tag>
<doc>Open a new Page.</doc>
<status status="PASS" start="2026-06-07T16:11:55.397911" elapsed="1.090343"/>
</kw>
<status status="PASS" start="2026-06-07T16:11:55.397793" elapsed="1.090571"/>
</kw>
<kw name="Fill Text" owner="Browser">
<msg time="2026-06-07T16:11:56.488916" level="INFO">Fills the text 'tomsmith' in the given field.</msg>
<arg>${USERNAME_FIELD}</arg>
<arg>${username}</arg>
<tag>PageContent</tag>
<tag>Setter</tag>
<doc>Clears and fills the given ``txt`` into the text field found by ``selector``.</doc>
<status status="PASS" start="2026-06-07T16:11:56.488496" elapsed="0.017227"/>
</kw>
<kw name="Fill Text" owner="Browser">
<msg time="2026-06-07T16:11:56.506324" level="INFO">Fills the text 'SuperSecretPassword!' in the given field.</msg>
<arg>${PASSWORD_FIELD}</arg>
<arg>${password}</arg>
<tag>PageContent</tag>
<tag>Setter</tag>
<doc>Clears and fills the given ``txt`` into the text field found by ``selector``.</doc>
<status status="PASS" start="2026-06-07T16:11:56.505913" elapsed="0.021382"/>
</kw>
<kw name="Click" owner="Browser">
<msg time="2026-06-07T16:11:56.527914" level="INFO">Clicks the element 'css=button[type="submit"]'.</msg>
<arg>${LOGIN_BUTTON}</arg>
<tag>PageContent</tag>
<tag>Setter</tag>
<doc>Simulates mouse click on the element found by ``selector``.</doc>
<status status="PASS" start="2026-06-07T16:11:56.527482" elapsed="0.246224"/>
</kw>
<kw name="Wait For Elements State" owner="Browser">
<msg time="2026-06-07T16:11:56.785947" level="INFO">Waited for Element with selector css=a[href="/logout"] at state visible</msg>
<arg>${LOGOUT_BUTTON}</arg>
<arg>visible</arg>
<arg>timeout=10s</arg>
<tag>PageContent</tag>
<tag>Wait</tag>
<doc>Waits for the element found by ``selector`` to satisfy state option.</doc>
<status status="PASS" start="2026-06-07T16:11:56.773925" elapsed="0.012098"/>
</kw>
<kw name="Click Logout Button" owner="logout_page">
<kw name="Click" owner="Browser">
<msg time="2026-06-07T16:11:56.786562" level="INFO">Clicks the element 'css=a[href="/logout"]'.</msg>
<arg>${LOGOUT_BUTTON}</arg>
<tag>PageContent</tag>
<tag>Setter</tag>
<doc>Simulates mouse click on the element found by ``selector``.</doc>
<status status="PASS" start="2026-06-07T16:11:56.786311" elapsed="0.188753"/>
</kw>
<status status="PASS" start="2026-06-07T16:11:56.786143" elapsed="0.188993"/>
</kw>
<arg>${username}</arg>
<arg>${password}</arg>
<status status="PASS" start="2026-06-07T16:11:55.397575" elapsed="1.577586"/>
</kw>
<kw name="Logout Should Succeed" owner="logout_keywords">
<kw name="Wait For Elements State" owner="Browser">
<msg time="2026-06-07T16:11:56.981861" level="INFO">Waited for Element with selector id=flash at state visible</msg>
<arg>${FLASH_MESSAGE}</arg>
<arg>visible</arg>
<arg>timeout=10s</arg>
<tag>PageContent</tag>
<tag>Wait</tag>
<doc>Waits for the element found by ``selector`` to satisfy state option.</doc>
<status status="PASS" start="2026-06-07T16:11:56.975432" elapsed="0.006535"/>
</kw>
<kw name="Get Logout Flash Message" owner="logout_page">
<kw name="Get Text" owner="Browser">
<msg time="2026-06-07T16:11:56.993297" level="INFO">Text: ' You logged out of the secure area!\n×'</msg>
<msg time="2026-06-07T16:11:56.993407" level="INFO">${message} =  You logged out of the secure area!
×</msg>
<var>${message}</var>
<arg>${FLASH_MESSAGE}</arg>
<tag>Assertion</tag>
<tag>Getter</tag>
<tag>PageContent</tag>
<doc>Returns text attribute of the element found by ``selector``.</doc>
<status status="PASS" start="2026-06-07T16:11:56.982404" elapsed="0.011015"/>
</kw>
<return>
<value>${message}</value>
<status status="PASS" start="2026-06-07T16:11:56.993485" elapsed="0.000085"/>
</return>
<msg time="2026-06-07T16:11:56.993643" level="INFO">${message} =  You logged out of the secure area!
×</msg>
<var>${message}</var>
<status status="PASS" start="2026-06-07T16:11:56.982235" elapsed="0.011419"/>
</kw>
<kw name="Should Contain" owner="BuiltIn">
<arg>${message}</arg>
<arg>logged out of the secure area</arg>
<doc>Fails if ``container`` does not contain ``item`` one or more times.</doc>
<status status="PASS" start="2026-06-07T16:11:56.993728" elapsed="0.000238"/>
</kw>
<status status="PASS" start="2026-06-07T16:11:56.975260" elapsed="0.018734"/>
</kw>
<kw name="Close Browser Session With Screenshot On Failure" owner="browser_wrapper" type="TEARDOWN">
<kw name="Run Keyword If Test Failed" owner="BuiltIn">
<arg>Take Screenshot</arg>
<arg>filename=FAIL-{index}</arg>
<doc>Runs the given keyword with the given arguments, if the test failed.</doc>
<status status="PASS" start="2026-06-07T16:11:56.994298" elapsed="0.000192"/>
</kw>
<kw name="Close Browser" owner="Browser">
<msg time="2026-06-07T16:11:57.049564" level="INFO">Closed browser</msg>
<tag>BrowserControl</tag>
<tag>Setter</tag>
<doc>Closes the current browser.</doc>
<status status="PASS" start="2026-06-07T16:11:56.994557" elapsed="0.055113"/>
</kw>
<status status="PASS" start="2026-06-07T16:11:56.994084" elapsed="0.055653"/>
</kw>
<status status="PASS" start="2026-06-07T16:11:53.802208" elapsed="3.247567"/>
</test>
<status status="PASS" start="2026-06-07T16:11:53.690257" elapsed="3.362550"/>
</suite>
<status status="PASS" start="2026-06-07T16:11:53.676927" elapsed="3.377796"/>
</suite>
<statistics>
<total>
<stat pass="1" fail="0" skip="0">All Tests</stat>
</total>
<tag>
</tag>
<suite>
<stat name="Web" id="s1" pass="1" fail="0" skip="0">Web</stat>
<stat name="Logout Test" id="s1-s1" pass="1" fail="0" skip="0">Web.Logout Test</stat>
</suite>
</statistics>
<errors>
</errors>
</robot>
