<?xml version="1.0" encoding="UTF-8"?>
<robot generator="Robot 7.4.2 (Python 3.11.15 on darwin)" generated="2026-06-07T16:11:43.514963" rpa="false" schemaversion="5">
<suite id="s1" name="Web" source="/Users/lheredia/gitStorage/robot-framework-automation/tests/web">
<suite id="s1-s1" name="Checkboxes Test" source="/Users/lheredia/gitStorage/robot-framework-automation/tests/web/checkboxes_test.robot">
<test id="s1-s1-t1" name="Check First Checkbox" line="6">
<kw name="Open Browser Session" owner="browser_wrapper">
<kw name="New Browser" owner="Browser">
<msg time="2026-06-07T16:11:43.922809" level="INFO">{"browser": "chromium", "headless": false, "chromiumSandbox": false, "devtools": false, "handleSIGHUP": true, "handleSIGINT": true, "handleSIGTERM": true, "slowMo": 0.0, "timeout": 30000.0, "tracesDir": "/Users/lheredia/gitStorage/robot-framework-automation/pabot_results/1/browser/traces/temp/cf345311-b591-4f0a-9964-32441bd872c1"}</msg>
<msg time="2026-06-07T16:11:43.941669" level="INFO">Starting Browser process /Users/lheredia/gitStorage/robot-framework-automation/venv/lib/python3.11/site-packages/Browser/wrapper/index.js using at 127.0.0.1:58700</msg>
<msg time="2026-06-07T16:11:47.264784" level="INFO">Successfully created browser with options: {"browser":"chromium","headless":false,"chromiumSandbox":false,"devtools":false,"handleSIGHUP":true,"handleSIGINT":true,"handleSIGTERM":true,"slowMo":0,"timeout":30000,"tracesDir":"/Users/lheredia/gitStorage/robot-framework-automation/pabot_results/1/browser/traces/temp/cf345311-b591-4f0a-9964-32441bd872c1"}</msg>
<arg>${browser}</arg>
<arg>headless=${HEADLESS}</arg>
<tag>BrowserControl</tag>
<tag>Setter</tag>
<doc>Create a new playwright Browser with specified options.</doc>
<status status="PASS" start="2026-06-07T16:11:43.922508" elapsed="3.342496"/>
</kw>
<kw name="New Context" owner="Browser">
<msg time="2026-06-07T16:11:47.267305" level="INFO">{
  "acceptDownloads": true,
  "bypassCSP": false,
  "forcedColors": "none",
  "ignoreHTTPSErrors": false,
  "javaScriptEnabled": true,
  "offline": false,
  "reducedMotion": "no-preference",
  "serviceWorkers": "allow",
  "viewport": {
    "width": 1280,
    "height": 720
  }
}</msg>
<msg time="2026-06-07T16:11:47.275518" level="INFO">Successfully created context. </msg>
<msg time="2026-06-07T16:11:47.275567" level="INFO">{'acceptDownloads': True, 'bypassCSP': False, 'forcedColors': 'none', 'ignoreHTTPSErrors': False, 'javaScriptEnabled': True, 'offline': False, 'reducedMotion': 'no-preference', 'serviceWorkers': 'allow', 'viewport': {'width': 1280, 'height': 720}}</msg>
<arg>viewport={'width': 1280, 'height': 720}</arg>
<tag>BrowserControl</tag>
<tag>Setter</tag>
<doc>Create a new BrowserContext with specified options.</doc>
<status status="PASS" start="2026-06-07T16:11:47.265328" elapsed="0.010285"/>
</kw>
<status status="PASS" start="2026-06-07T16:11:43.922188" elapsed="3.353509"/>
</kw>
<kw name="Check First Checkbox" owner="checkboxes_keywords">
<kw name="Open Checkboxes Page" owner="checkboxes_page">
<kw name="New Page" owner="Browser">
<msg time="2026-06-07T16:11:49.055831" level="INFO">Successfully initialized new page object and opened url: https://the-internet.herokuapp.com/checkboxes</msg>
<arg>${CHECKBOXES_URL}</arg>
<tag>BrowserControl</tag>
<tag>Setter</tag>
<doc>Open a new Page.</doc>
<status status="PASS" start="2026-06-07T16:11:47.276146" elapsed="1.779867"/>
</kw>
<status status="PASS" start="2026-06-07T16:11:47.276028" elapsed="1.780120"/>
</kw>
<kw name="Check Checkbox 1" owner="checkboxes_page">
<kw name="Check Checkbox" owner="Browser">
<arg>${CHECKBOX_1}</arg>
<tag>PageContent</tag>
<tag>Setter</tag>
<doc>Checks the checkbox or selects radio button found by ``selector``.</doc>
<status status="PASS" start="2026-06-07T16:11:49.056650" elapsed="0.155829"/>
</kw>
<status status="PASS" start="2026-06-07T16:11:49.056319" elapsed="0.156314"/>
</kw>
<kw name="Checkbox 1 Should Be Checked" owner="checkboxes_page">
<kw name="Get Checkbox State" owner="Browser">
<msg time="2026-06-07T16:11:49.223954" level="INFO">Retrieved dom property for element css=input[type="checkbox"]:nth-of-type(1) containing true</msg>
<msg time="2026-06-07T16:11:49.223997" level="INFO">Checkbox is checked</msg>
<arg>${CHECKBOX_1}</arg>
<arg>==</arg>
<arg>checked</arg>
<tag>Assertion</tag>
<tag>Getter</tag>
<tag>PageContent</tag>
<doc>Returns the state of the checkbox found by ``selector``.</doc>
<status status="PASS" start="2026-06-07T16:11:49.213140" elapsed="0.010905"/>
</kw>
<status status="PASS" start="2026-06-07T16:11:49.212777" elapsed="0.011327"/>
</kw>
<status status="PASS" start="2026-06-07T16:11:47.275834" elapsed="1.948291"/>
</kw>
<kw name="Close Browser Session With Screenshot On Failure" owner="browser_wrapper" type="TEARDOWN">
<kw name="Run Keyword If Test Failed" owner="BuiltIn">
<arg>Take Screenshot</arg>
<arg>filename=FAIL-{index}</arg>
<doc>Runs the given keyword with the given arguments, if the test failed.</doc>
<status status="PASS" start="2026-06-07T16:11:49.224591" elapsed="0.000289"/>
</kw>
<kw name="Close Browser" owner="Browser">
<msg time="2026-06-07T16:11:49.292265" level="INFO">Closed browser</msg>
<tag>BrowserControl</tag>
<tag>Setter</tag>
<doc>Closes the current browser.</doc>
<status status="PASS" start="2026-06-07T16:11:49.225029" elapsed="0.067445"/>
</kw>
<status status="PASS" start="2026-06-07T16:11:49.224365" elapsed="0.068197"/>
</kw>
<status status="PASS" start="2026-06-07T16:11:43.921892" elapsed="5.370712"/>
</test>
<test id="s1-s1-t2" name="Uncheck Second Checkbox" line="11">
<kw name="Open Browser Session" owner="browser_wrapper">
<kw name="New Browser" owner="Browser">
<msg time="2026-06-07T16:11:49.300899" level="INFO">{"browser": "chromium", "headless": false, "chromiumSandbox": false, "devtools": false, "handleSIGHUP": true, "handleSIGINT": true, "handleSIGTERM": true, "slowMo": 0.0, "timeout": 30000.0, "tracesDir": "/Users/lheredia/gitStorage/robot-framework-automation/pabot_results/1/browser/traces/temp/17d76d08-116b-4ff4-87f0-57b54e4a9417"}</msg>
<msg time="2026-06-07T16:11:49.566194" level="INFO">Successfully created browser with options: {"browser":"chromium","headless":false,"chromiumSandbox":false,"devtools":false,"handleSIGHUP":true,"handleSIGINT":true,"handleSIGTERM":true,"slowMo":0,"timeout":30000,"tracesDir":"/Users/lheredia/gitStorage/robot-framework-automation/pabot_results/1/browser/traces/temp/17d76d08-116b-4ff4-87f0-57b54e4a9417"}</msg>
<arg>${browser}</arg>
<arg>headless=${HEADLESS}</arg>
<tag>BrowserControl</tag>
<tag>Setter</tag>
<doc>Create a new playwright Browser with specified options.</doc>
<status status="PASS" start="2026-06-07T16:11:49.299877" elapsed="0.266601"/>
</kw>
<kw name="New Context" owner="Browser">
<msg time="2026-06-07T16:11:49.567857" level="INFO">{
  "acceptDownloads": true,
  "bypassCSP": false,
  "forcedColors": "none",
  "ignoreHTTPSErrors": false,
  "javaScriptEnabled": true,
  "offline": false,
  "reducedMotion": "no-preference",
  "serviceWorkers": "allow",
  "viewport": {
    "width": 1280,
    "height": 720
  }
}</msg>
<msg time="2026-06-07T16:11:49.574495" level="INFO">Successfully created context. </msg>
<msg time="2026-06-07T16:11:49.574579" level="INFO">{'acceptDownloads': True, 'bypassCSP': False, 'forcedColors': 'none', 'ignoreHTTPSErrors': False, 'javaScriptEnabled': True, 'offline': False, 'reducedMotion': 'no-preference', 'serviceWorkers': 'allow', 'viewport': {'width': 1280, 'height': 720}}</msg>
<arg>viewport={'width': 1280, 'height': 720}</arg>
<tag>BrowserControl</tag>
<tag>Setter</tag>
<doc>Create a new BrowserContext with specified options.</doc>
<status status="PASS" start="2026-06-07T16:11:49.566688" elapsed="0.007964"/>
</kw>
<status status="PASS" start="2026-06-07T16:11:49.299477" elapsed="0.276525"/>
</kw>
<kw name="Uncheck Second Checkbox" owner="checkboxes_keywords">
<kw name="Open Checkboxes Page" owner="checkboxes_page">
<kw name="New Page" owner="Browser">
<msg time="2026-06-07T16:11:50.594526" level="INFO">Successfully initialized new page object and opened url: https://the-internet.herokuapp.com/checkboxes</msg>
<arg>${CHECKBOXES_URL}</arg>
<tag>BrowserControl</tag>
<tag>Setter</tag>
<doc>Open a new Page.</doc>
<status status="PASS" start="2026-06-07T16:11:49.578566" elapsed="1.016146"/>
</kw>
<status status="PASS" start="2026-06-07T16:11:49.578132" elapsed="1.016773"/>
</kw>
<kw name="Uncheck Checkbox 2" owner="checkboxes_page">
<kw name="Uncheck Checkbox" owner="Browser">
<arg>${CHECKBOX_2}</arg>
<tag>PageContent</tag>
<tag>Setter</tag>
<doc>Unchecks the checkbox found by ``selector``.</doc>
<status status="PASS" start="2026-06-07T16:11:50.595477" elapsed="0.035608"/>
</kw>
<status status="PASS" start="2026-06-07T16:11:50.595217" elapsed="0.035942"/>
</kw>
<kw name="Checkbox 2 Should Be Unchecked" owner="checkboxes_page">
<kw name="Get Checkbox State" owner="Browser">
<msg time="2026-06-07T16:11:50.644373" level="INFO">Retrieved dom property for element css=input[type="checkbox"]:nth-of-type(2) containing false</msg>
<msg time="2026-06-07T16:11:50.644423" level="INFO">Checkbox is unchecked</msg>
<arg>${CHECKBOX_2}</arg>
<arg>==</arg>
<arg>unchecked</arg>
<tag>Assertion</tag>
<tag>Getter</tag>
<tag>PageContent</tag>
<doc>Returns the state of the checkbox found by ``selector``.</doc>
<status status="PASS" start="2026-06-07T16:11:50.631425" elapsed="0.013051"/>
</kw>
<status status="PASS" start="2026-06-07T16:11:50.631255" elapsed="0.013287"/>
</kw>
<status status="PASS" start="2026-06-07T16:11:49.576244" elapsed="1.068321"/>
</kw>
<kw name="Close Browser Session With Screenshot On Failure" owner="browser_wrapper" type="TEARDOWN">
<kw name="Run Keyword If Test Failed" owner="BuiltIn">
<arg>Take Screenshot</arg>
<arg>filename=FAIL-{index}</arg>
<doc>Runs the given keyword with the given arguments, if the test failed.</doc>
<status status="PASS" start="2026-06-07T16:11:50.644907" elapsed="0.000155"/>
</kw>
<kw name="Close Browser" owner="Browser">
<msg time="2026-06-07T16:11:50.695071" level="INFO">Closed browser</msg>
<tag>BrowserControl</tag>
<tag>Setter</tag>
<doc>Closes the current browser.</doc>
<status status="PASS" start="2026-06-07T16:11:50.645113" elapsed="0.050039"/>
</kw>
<status status="PASS" start="2026-06-07T16:11:50.644710" elapsed="0.050497"/>
</kw>
<status status="PASS" start="2026-06-07T16:11:49.297430" elapsed="1.397803"/>
</test>
<status status="PASS" start="2026-06-07T16:11:43.527748" elapsed="7.169733"/>
</suite>
<status status="PASS" start="2026-06-07T16:11:43.515490" elapsed="7.183838"/>
</suite>
<statistics>
<total>
<stat pass="2" fail="0" skip="0">All Tests</stat>
</total>
<tag>
</tag>
<suite>
<stat name="Web" id="s1" pass="2" fail="0" skip="0">Web</stat>
<stat name="Checkboxes Test" id="s1-s1" pass="2" fail="0" skip="0">Web.Checkboxes Test</stat>
</suite>
</statistics>
<errors>
</errors>
</robot>
